Downloading AIS_2019_01_01.zip …

Extracting AIS_2019_01_01.zip …
  → extracted and removed zip
Preprocessing AIS_2019_01_01.csv …
        MMSI  ... Label
0  403638000  ...     0
1  477669300  ...     0
2  366991740  ...     0
3  367446970  ...     0
4  367523620  ...     0

[5 rows x 6 columns]
  → saved to ../AIS_data/2019_01_01.csv
Downloading AIS_2019_01_02.zip …

Extracting AIS_2019_01_02.zip …
  → extracted and removed zip
Preprocessing AIS_2019_01_02.csv …
        MMSI  ... Label
0  367563360  ...     0
1  367430030  ...     0
2  367442120  ...     0
3  369155000  ...     0
4  311025100  ...     0

[5 rows x 6 columns]
  → saved to ../AIS_data/2019_01_02.csv
Downloading AIS_2019_01_03.zip …

Extracting AIS_2019_01_03.zip …
  → extracted and removed zip
Preprocessing AIS_2019_01_03.csv …
        MMSI  ... Label
0  366958910  ...     0
1  367314340  ...     0
2  367550070  ...     0
3  367747240  ...     0
4  367529040  ...     0

[5 rows x 6 columns]
  → saved to ../AIS_data/2019_01_03.csv
Downloading AIS_2019_01_04.zip …

Extracting AIS_2019_01_04.zip …
  → extracted and removed zip
Preprocessing AIS_2019_01_04.csv …
        MMSI  ... Label
0  368043180  ...     0
1  215172000  ...     0
2  538002844  ...     0
3  255806004  ...     0
4  367372810  ...     0

[5 rows x 6 columns]
  → saved to ../AIS_data/2019_01_04.csv
Downloading AIS_2019_01_05.zip …

Extracting AIS_2019_01_05.zip …
  → extracted and removed zip
Preprocessing AIS_2019_01_05.csv …
        MMSI  ... Label
0  370071000  ...     0
1  215172000  ...     0
2  367493020  ...     0
3  477631400  ...     0
4  367011730  ...     0

[5 rows x 6 columns]
  → saved to ../AIS_data/2019_01_05.csv
Downloading AIS_2019_01_06.zip …

Extracting AIS_2019_01_06.zip …
  → extracted and removed zip
Preprocessing AIS_2019_01_06.csv …
        MMSI  ... Label
0  367063220  ...     0
1  367475170  ...     0
2  367721380  ...     0
3  215172000  ...     0
4  367793130  ...     0

[5 rows x 6 columns]
  → saved to ../AIS_data/2019_01_06.csv
Downloading AIS_2019_01_07.zip …

Extracting AIS_2019_01_07.zip …
  → extracted and removed zip
Preprocessing AIS_2019_01_07.csv …
        MMSI  ... Label
0  366813470  ...     0
1  356309000  ...     0
2  311000500  ...     0
3  477854600  ...     0
4  366899290  ...     0

[5 rows x 6 columns]
  → saved to ../AIS_data/2019_01_07.csv
Downloading AIS_2019_01_08.zip …

Extracting AIS_2019_01_08.zip …
  → extracted and removed zip
Preprocessing AIS_2019_01_08.csv …
        MMSI  ... Label
0  367623430  ...     0
1  367728590  ...     0
2  636014069  ...     0
3  256566000  ...     0
4  367606280  ...     0

[5 rows x 6 columns]
  → saved to ../AIS_data/2019_01_08.csv
Downloading AIS_2019_01_09.zip …

Extracting AIS_2019_01_09.zip …
  → extracted and removed zip
Preprocessing AIS_2019_01_09.csv …
        MMSI  ... Label
0  538002283  ...     0
1  367753970  ...     0
2  256566000  ...     0
3  244820422  ...     0
4  367419130  ...     0

[5 rows x 6 columns]
  → saved to ../AIS_data/2019_01_09.csv
Downloading AIS_2019_01_10.zip …

Extracting AIS_2019_01_10.zip …
  → extracted and removed zip
Preprocessing AIS_2019_01_10.csv …
        MMSI  ... Label
0  538005418  ...     0
1  367659930  ...     0
2  367553360  ...     0
3  367461560  ...     0
4  538007067  ...     0

[5 rows x 6 columns]
  → saved to ../AIS_data/2019_01_10.csv
Downloading AIS_2019_01_11.zip …

Extracting AIS_2019_01_11.zip …
  → extracted and removed zip
Preprocessing AIS_2019_01_11.csv …
        MMSI  ... Label
0  636015384  ...     0
1  238265000  ...     0
2  367127120  ...     0
3  366908640  ...     0
4  636013812  ...     0

[5 rows x 6 columns]
  → saved to ../AIS_data/2019_01_11.csv
Downloading AIS_2019_01_12.zip …

Extracting AIS_2019_01_12.zip …
  → extracted and removed zip
Preprocessing AIS_2019_01_12.csv …
        MMSI  ... Label
0  367572760  ...     0
1  367556630  ...     0
2  367561140  ...     0
3  256566000  ...     0
4  366813470  ...     0

[5 rows x 6 columns]
  → saved to ../AIS_data/2019_01_12.csv
Downloading AIS_2019_01_13.zip …

Extracting AIS_2019_01_13.zip …
  → extracted and removed zip
Preprocessing AIS_2019_01_13.csv …
        MMSI  ... Label
0  367529040  ...     0
1  367771970  ...     0
2  367361780  ...     0
3  367651380  ...     0
4  367757320  ...     0

[5 rows x 6 columns]
  → saved to ../AIS_data/2019_01_13.csv
Downloading AIS_2019_01_14.zip …

Extracting AIS_2019_01_14.zip …
  → extracted and removed zip
Preprocessing AIS_2019_01_14.csv …
        MMSI  ... Label
0  367605680  ...     0
1  565583000  ...     0
2  367079040  ...     0
3  367011730  ...     0
4  338009000  ...     0

[5 rows x 6 columns]
  → saved to ../AIS_data/2019_01_14.csv
Downloading AIS_2019_01_15.zip …

Extracting AIS_2019_01_15.zip …
  → extracted and removed zip
Preprocessing AIS_2019_01_15.csv …
        MMSI  ... Label
0  367645120  ...     0
1  367107680  ...     0
2  636014688  ...     0
3  367306090  ...     0
4  367479870  ...     0

[5 rows x 6 columns]
  → saved to ../AIS_data/2019_01_15.csv
Downloading AIS_2019_01_16.zip …

Extracting AIS_2019_01_16.zip …
  → extracted and removed zip
Preprocessing AIS_2019_01_16.csv …
        MMSI  ... Label
0  367423970  ...     0
1  636090915  ...     0
2  367523620  ...     0
3  369053000  ...     0
4  367608850  ...     0

[5 rows x 6 columns]
  → saved to ../AIS_data/2019_01_16.csv
Downloading AIS_2019_01_17.zip …

Extracting AIS_2019_01_17.zip …
  → extracted and removed zip
Preprocessing AIS_2019_01_17.csv …
        MMSI  ... Label
0  367553360  ...     0
1  367606390  ...     0
2  367346050  ...     0
3  367157090  ...     0
4  367596830  ...     0

[5 rows x 6 columns]
  → saved to ../AIS_data/2019_01_17.csv
Downloading AIS_2019_01_18.zip …

Extracting AIS_2019_01_18.zip …
  → extracted and removed zip
Preprocessing AIS_2019_01_18.csv …
        MMSI  ... Label
0  368023230  ...     0
1  403638000  ...     0
2  367083020  ...     0
3  566857000  ...     0
4  367419770  ...     0

[5 rows x 6 columns]
  → saved to ../AIS_data/2019_01_18.csv
Downloading AIS_2019_01_19.zip …

Extracting AIS_2019_01_19.zip …
  → extracted and removed zip
Preprocessing AIS_2019_01_19.csv …
        MMSI  ... Label
0  366869870  ...     0
1  367477050  ...     0
2  367563360  ...     0
3  565487000  ...     0
4  367179790  ...     0

[5 rows x 6 columns]
  → saved to ../AIS_data/2019_01_19.csv
Downloading AIS_2019_01_20.zip …

Extracting AIS_2019_01_20.zip …
  → extracted and removed zip
Preprocessing AIS_2019_01_20.csv …
        MMSI  ... Label
0  235076276  ...     0
1  367582010  ...     0
2  367138490  ...     0
3  538006141  ...     0
4  249779000  ...     0

[5 rows x 6 columns]
  → saved to ../AIS_data/2019_01_20.csv
Downloading AIS_2019_01_21.zip …

Extracting AIS_2019_01_21.zip …
  → extracted and removed zip
Preprocessing AIS_2019_01_21.csv …
        MMSI  ... Label
0  477684200  ...     0
1  308109000  ...     0
2  367000020  ...     0
3  366869850  ...     0
4  403638000  ...     0

[5 rows x 6 columns]
  → saved to ../AIS_data/2019_01_21.csv
Downloading AIS_2019_01_22.zip …

Extracting AIS_2019_01_22.zip …
  → extracted and removed zip
Preprocessing AIS_2019_01_22.csv …
        MMSI  ... Label
0  367684870  ...     0
1  353069000  ...     0
2  311931000  ...     0
3  369533000  ...     0
4  367619370  ...     0

[5 rows x 6 columns]
  → saved to ../AIS_data/2019_01_22.csv
Downloading AIS_2019_01_23.zip …

Extracting AIS_2019_01_23.zip …
  → extracted and removed zip
Preprocessing AIS_2019_01_23.csv …
        MMSI  ... Label
0  338575000  ...     0
1  367796610  ...     0
2  538004193  ...     0
3  367183670  ...     0
4  367546430  ...     0

[5 rows x 6 columns]
  → saved to ../AIS_data/2019_01_23.csv
Downloading AIS_2019_01_24.zip …

Extracting AIS_2019_01_24.zip …
  → extracted and removed zip
Preprocessing AIS_2019_01_24.csv …
        MMSI  ... Label
0  369098000  ...     0
1  352468000  ...     0
2  366914770  ...     0
3  367731010  ...     0
4  636014804  ...     0

[5 rows x 6 columns]
  → saved to ../AIS_data/2019_01_24.csv
Downloading AIS_2019_01_25.zip …

Extracting AIS_2019_01_25.zip …
  → extracted and removed zip
Preprocessing AIS_2019_01_25.csv …
        MMSI  ... Label
0  367582010  ...     0
1  352468000  ...     0
2  352761000  ...     0
3  319963000  ...     0
4  367709190  ...     0

[5 rows x 6 columns]
  → saved to ../AIS_data/2019_01_25.csv
Downloading AIS_2019_01_26.zip …

Extracting AIS_2019_01_26.zip …
  → extracted and removed zip
Preprocessing AIS_2019_01_26.csv …
        MMSI  ... Label
0  311702000  ...     0
1  367110440  ...     0
2  367796610  ...     0
3  565526000  ...     0
4  366341000  ...     0

[5 rows x 6 columns]
  → saved to ../AIS_data/2019_01_26.csv
Downloading AIS_2019_01_27.zip …

Extracting AIS_2019_01_27.zip …
  → extracted and removed zip
Preprocessing AIS_2019_01_27.csv …
        MMSI  ... Label
0  367063980  ...     0
1  367088240  ...     0
2  367428620  ...     0
3  367109110  ...     0
4  367668550  ...     0

[5 rows x 6 columns]
  → saved to ../AIS_data/2019_01_27.csv
Downloading AIS_2019_01_28.zip …

Extracting AIS_2019_01_28.zip …
  → extracted and removed zip
Preprocessing AIS_2019_01_28.csv …
        MMSI  ... Label
0  367621410  ...     0
1  374291000  ...     0
2  367103140  ...     0
3  258981000  ...     0
4  309436000  ...     0

[5 rows x 6 columns]
  → saved to ../AIS_data/2019_01_28.csv
Downloading AIS_2019_01_29.zip …

Extracting AIS_2019_01_29.zip …
  → extracted and removed zip
Preprocessing AIS_2019_01_29.csv …
        MMSI  ... Label
0  367624350  ...     0
1  367107680  ...     0
2  367452640  ...     0
3  367092320  ...     0
4  367582190  ...     0

[5 rows x 6 columns]
  → saved to ../AIS_data/2019_01_29.csv
Downloading AIS_2019_01_30.zip …

Extracting AIS_2019_01_30.zip …
  → extracted and removed zip
Preprocessing AIS_2019_01_30.csv …
        MMSI  ... Label
0  366999611  ...     0
1  368502516  ...     0
2  367430810  ...     0
3  367529040  ...     0
4  565526000  ...     0

[5 rows x 6 columns]
  → saved to ../AIS_data/2019_01_30.csv
Downloading AIS_2019_01_31.zip …

Extracting AIS_2019_01_31.zip …
  → extracted and removed zip
Preprocessing AIS_2019_01_31.csv …
        MMSI  ... Label
0  548892000  ...     0
1  367590950  ...     0
2  305463000  ...     0
3  538002662  ...     0
4  367550890  ...     0

[5 rows x 6 columns]
  → saved to ../AIS_data/2019_01_31.csv
Downloading AIS_2019_02_01.zip …

Extracting AIS_2019_02_01.zip …
  → extracted and removed zip
Preprocessing AIS_2019_02_01.csv …
        MMSI  ... Label
0  256182000  ...     0
1  367055010  ...     0
2  209289000  ...     0
3  368020630  ...     0
4  367463020  ...     0

[5 rows x 6 columns]
  → saved to ../AIS_data/2019_02_01.csv
Downloading AIS_2019_02_02.zip …

Extracting AIS_2019_02_02.zip …
  → extracted and removed zip
Preprocessing AIS_2019_02_02.csv …
        MMSI  ... Label
0  367590950  ...     0
1  367317080  ...     0
2  367586370  ...     0
3  367359790  ...     0
4  367659930  ...     0

[5 rows x 6 columns]
  → saved to ../AIS_data/2019_02_02.csv
Downloading AIS_2019_02_03.zip …

Extracting AIS_2019_02_03.zip …
  → extracted and removed zip
Preprocessing AIS_2019_02_03.csv …
        MMSI  ... Label
0  367684460  ...     0
1  367743640  ...     0
2  367087140  ...     0
3  338127479  ...     0
4  367321850  ...     0

[5 rows x 6 columns]
  → saved to ../AIS_data/2019_02_03.csv
Downloading AIS_2019_02_04.zip …

Extracting AIS_2019_02_04.zip …
  → extracted and removed zip
Preprocessing AIS_2019_02_04.csv …
        MMSI  ... Label
0  538004654  ...     0
1  367132790  ...     0
2  367661820  ...     0
3  367415160  ...     0
4  367627460  ...     0

[5 rows x 6 columns]
  → saved to ../AIS_data/2019_02_04.csv
Downloading AIS_2019_02_05.zip …

Extracting AIS_2019_02_05.zip …
  → extracted and removed zip
Preprocessing AIS_2019_02_05.csv …
        MMSI  ... Label
0  636015039  ...     0
1  367691280  ...     0
2  366017000  ...     0
3  367610590  ...     0
4  368503000  ...     0

[5 rows x 6 columns]
  → saved to ../AIS_data/2019_02_05.csv
Downloading AIS_2019_02_06.zip …

Extracting AIS_2019_02_06.zip …
  → extracted and removed zip
Preprocessing AIS_2019_02_06.csv …
        MMSI  ... Label
0  367691280  ...     0
1  367574720  ...     0
2  538005123  ...     0
3  366495000  ...     0
4  367372810  ...     0

[5 rows x 6 columns]
  → saved to ../AIS_data/2019_02_06.csv
Downloading AIS_2019_02_07.zip …

Extracting AIS_2019_02_07.zip …
  → extracted and removed zip
Preprocessing AIS_2019_02_07.csv …
        MMSI  ... Label
0  367536940  ...     0
1  367005640  ...     0
2  367189890  ...     0
3  303606000  ...     0
4  258775000  ...     0

[5 rows x 6 columns]
  → saved to ../AIS_data/2019_02_07.csv
Downloading AIS_2019_02_08.zip …

Extracting AIS_2019_02_08.zip …
  → extracted and removed zip
Preprocessing AIS_2019_02_08.csv …
        MMSI  ... Label
0  367442150  ...     0
1  538006507  ...     0
2  373090000  ...     0
3  367704020  ...     0
4  367372810  ...     0

[5 rows x 6 columns]
  → saved to ../AIS_data/2019_02_08.csv
Downloading AIS_2019_02_09.zip …

Extracting AIS_2019_02_09.zip …
  → extracted and removed zip
Preprocessing AIS_2019_02_09.csv …
        MMSI  ... Label
0  304413000  ...     0
1  367090680  ...     0
2  367327360  ...     0
3  255805625  ...     0
4  565509000  ...     0

[5 rows x 6 columns]
  → saved to ../AIS_data/2019_02_09.csv
Downloading AIS_2019_02_10.zip …

Extracting AIS_2019_02_10.zip …
  → extracted and removed zip
Preprocessing AIS_2019_02_10.csv …
        MMSI  ... Label
0  366354000  ...     0
1  477849600  ...     0
2  367545550  ...     0
3  367079560  ...     0
4  370939000  ...     0

[5 rows x 6 columns]
  → saved to ../AIS_data/2019_02_10.csv
Downloading AIS_2019_02_11.zip …

Extracting AIS_2019_02_11.zip …
  → extracted and removed zip
Preprocessing AIS_2019_02_11.csv …
        MMSI  ... Label
0  367753550  ...     0
1  367600740  ...     0
2  367174390  ...     0
3  636012731  ...     0
4  366942880  ...     0

[5 rows x 6 columns]
  → saved to ../AIS_data/2019_02_11.csv
Downloading AIS_2019_02_12.zip …

Extracting AIS_2019_02_12.zip …
  → extracted and removed zip
Preprocessing AIS_2019_02_12.csv …
        MMSI  ... Label
0  229603000  ...     0
1  368503000  ...     0
2  246519000  ...     0
3  366982350  ...     0
4  367095420  ...     0

[5 rows x 6 columns]
  → saved to ../AIS_data/2019_02_12.csv
Downloading AIS_2019_02_13.zip …

Extracting AIS_2019_02_13.zip …
  → extracted and removed zip
Preprocessing AIS_2019_02_13.csv …
        MMSI  ... Label
0  367372810  ...     0
1  367376020  ...     0
2  477607200  ...     0
3  477849600  ...     0
4  367411370  ...     0

[5 rows x 6 columns]
  → saved to ../AIS_data/2019_02_13.csv
Downloading AIS_2019_02_14.zip …

Extracting AIS_2019_02_14.zip …
  → extracted and removed zip
Preprocessing AIS_2019_02_14.csv …
        MMSI  ... Label
0  235109137  ...     0
1  366374000  ...     0
2  538004017  ...     0
3  257901000  ...     0
4  369493685  ...     0

[5 rows x 6 columns]
  → saved to ../AIS_data/2019_02_14.csv
Downloading AIS_2019_02_15.zip …

Extracting AIS_2019_02_15.zip …
  → extracted and removed zip
Preprocessing AIS_2019_02_15.csv …
        MMSI  ... Label
0  367444940  ...     0
1  636019075  ...     0
2  367577510  ...     0
3  367418240  ...     0
4  367442120  ...     0

[5 rows x 6 columns]
  → saved to ../AIS_data/2019_02_15.csv
Downloading AIS_2019_02_16.zip …

Extracting AIS_2019_02_16.zip …
  → extracted and removed zip
Preprocessing AIS_2019_02_16.csv …
        MMSI  ... Label
0  255806095  ...     0
1  308268000  ...     0
2  367372810  ...     0
3  367085240  ...     0
4  338253000  ...     0

[5 rows x 6 columns]
  → saved to ../AIS_data/2019_02_16.csv
Downloading AIS_2019_02_17.zip …

Extracting AIS_2019_02_17.zip …
  → extracted and removed zip
Preprocessing AIS_2019_02_17.csv …
        MMSI  ... Label
0  367073150  ...     0
1  370490000  ...     0
2  311050800  ...     0
3  240480000  ...     0
4  367589320  ...     0

[5 rows x 6 columns]
  → saved to ../AIS_data/2019_02_17.csv
Downloading AIS_2019_02_18.zip …

Extracting AIS_2019_02_18.zip …
  → extracted and removed zip
Preprocessing AIS_2019_02_18.csv …
        MMSI  ... Label
0  477510600  ...     0
1  367359790  ...     0
2  366968740  ...     0
3  352683000  ...     0
4  209830000  ...     0

[5 rows x 6 columns]
  → saved to ../AIS_data/2019_02_18.csv
Downloading AIS_2019_02_19.zip …

Extracting AIS_2019_02_19.zip …
  → extracted and removed zip
Preprocessing AIS_2019_02_19.csv …
        MMSI  ... Label
0  563367000  ...     0
1  367011730  ...     0
2  477077800  ...     0
3  367430810  ...     0
4  367094660  ...     0

[5 rows x 6 columns]
  → saved to ../AIS_data/2019_02_19.csv
Downloading AIS_2019_02_20.zip …

Extracting AIS_2019_02_20.zip …
  → extracted and removed zip
Preprocessing AIS_2019_02_20.csv …
        MMSI  ... Label
0  367704020  ...     0
1  366978490  ...     0
2  538006978  ...     0
3  636015250  ...     0
4  367529040  ...     0

[5 rows x 6 columns]
  → saved to ../AIS_data/2019_02_20.csv
Downloading AIS_2019_02_21.zip …

Extracting AIS_2019_02_21.zip …
  → extracted and removed zip
Preprocessing AIS_2019_02_21.csv …
        MMSI  ... Label
0  367518920  ...     0
1  367618130  ...     0
2  538006047  ...     0
3  367602270  ...     0
4  636016805  ...     0

[5 rows x 6 columns]
  → saved to ../AIS_data/2019_02_21.csv
Downloading AIS_2019_02_22.zip …

Extracting AIS_2019_02_22.zip …
  → extracted and removed zip
Preprocessing AIS_2019_02_22.csv …
        MMSI  ... Label
0  367337630  ...     0
1  367574720  ...     0
2  636016965  ...     0
3  367366610  ...     0
4  367653540  ...     0

[5 rows x 6 columns]
  → saved to ../AIS_data/2019_02_22.csv
Downloading AIS_2019_02_23.zip …

Extracting AIS_2019_02_23.zip …
  → extracted and removed zip
Preprocessing AIS_2019_02_23.csv …
        MMSI  ... Label
0  368005910  ...     0
1  371765000  ...     0
2  367430810  ...     0
3  367110440  ...     0
4  367136680  ...     0

[5 rows x 6 columns]
  → saved to ../AIS_data/2019_02_23.csv
Downloading AIS_2019_02_24.zip …

Extracting AIS_2019_02_24.zip …
  → extracted and removed zip
Preprocessing AIS_2019_02_24.csv …
        MMSI  ... Label
0  305121000  ...     0
1  259767000  ...     0
2  369109000  ...     0
3  367653160  ...     0
4  636017134  ...     0

[5 rows x 6 columns]
  → saved to ../AIS_data/2019_02_24.csv
Downloading AIS_2019_02_25.zip …

Extracting AIS_2019_02_25.zip …
  → extracted and removed zip
Preprocessing AIS_2019_02_25.csv …
        MMSI  ... Label
0  371516000  ...     0
1  538005584  ...     0
2  367624350  ...     0
3  636091121  ...     0
4  538005309  ...     0

[5 rows x 6 columns]
  → saved to ../AIS_data/2019_02_25.csv
Downloading AIS_2019_02_26.zip …

Extracting AIS_2019_02_26.zip …
  → extracted and removed zip
Preprocessing AIS_2019_02_26.csv …
        MMSI  ... Label
0  636017713  ...     0
1  367589320  ...     0
2  219398000  ...     0
3  366970910  ...     0
4  366973590  ...     0

[5 rows x 6 columns]
  → saved to ../AIS_data/2019_02_26.csv
Downloading AIS_2019_02_27.zip …

Extracting AIS_2019_02_27.zip …
  → extracted and removed zip
Preprocessing AIS_2019_02_27.csv …
        MMSI  ... Label
0  368502516  ...     0
1  538005120  ...     0
2  367133960  ...     1
3  367372810  ...     0
4  636092140  ...     0

[5 rows x 6 columns]
  → saved to ../AIS_data/2019_02_27.csv
Downloading AIS_2019_02_28.zip …

Extracting AIS_2019_02_28.zip …
  → extracted and removed zip
Preprocessing AIS_2019_02_28.csv …
        MMSI  ... Label
0  367428620  ...     0
1  367612480  ...     0
2  247348700  ...     0
3  367157090  ...     0
4  241350000  ...     0

[5 rows x 6 columns]
  → saved to ../AIS_data/2019_02_28.csv
Downloading AIS_2019_03_01.zip …

Extracting AIS_2019_03_01.zip …
  → extracted and removed zip
Preprocessing AIS_2019_03_01.csv …
        MMSI  ... Label
0  367606390  ...     0
1  311000512  ...     0
2  636012522  ...     0
3  367724820  ...     0
4  367719610  ...     0

[5 rows x 6 columns]
  → saved to ../AIS_data/2019_03_01.csv
Downloading AIS_2019_03_02.zip …

Extracting AIS_2019_03_02.zip …
  → extracted and removed zip
Preprocessing AIS_2019_03_02.csv …
        MMSI  ... Label
0  338755000  ...     0
1  538006226  ...     0
2  636014974  ...     0
3  367402350  ...     0
4  367110440  ...     0

[5 rows x 6 columns]
  → saved to ../AIS_data/2019_03_02.csv
Downloading AIS_2019_03_03.zip …

Extracting AIS_2019_03_03.zip …
  → extracted and removed zip
Preprocessing AIS_2019_03_03.csv …
        MMSI  ... Label
0  367431130  ...     0
1  538005361  ...     0
2  636012227  ...     0
3  246614000  ...     0
4  367109110  ...     0

[5 rows x 6 columns]
  → saved to ../AIS_data/2019_03_03.csv
Downloading AIS_2019_03_04.zip …

Extracting AIS_2019_03_04.zip …
  → extracted and removed zip
Preprocessing AIS_2019_03_04.csv …
        MMSI  ... Label
0  636015276  ...     0
1  311642000  ...     0
2  367413270  ...     0
3  367572760  ...     0
4  371765000  ...     0

[5 rows x 6 columns]
  → saved to ../AIS_data/2019_03_04.csv
Downloading AIS_2019_03_05.zip …

Extracting AIS_2019_03_05.zip …
  → extracted and removed zip
Preprocessing AIS_2019_03_05.csv …
        MMSI  ... Label
0  367179790  ...     0
1  367594510  ...     0
2  367595710  ...     0
3  367161960  ...     0
4  367090270  ...     0

[5 rows x 6 columns]
  → saved to ../AIS_data/2019_03_05.csv
Downloading AIS_2019_03_06.zip …

Extracting AIS_2019_03_06.zip …
  → extracted and removed zip
Preprocessing AIS_2019_03_06.csv …
        MMSI  ... Label
0  477110400  ...     0
1  368036220  ...     0
2  367086740  ...     0
3  366813470  ...     0
4  366970910  ...     0

[5 rows x 6 columns]
  → saved to ../AIS_data/2019_03_06.csv
Downloading AIS_2019_03_07.zip …

Extracting AIS_2019_03_07.zip …
  → extracted and removed zip
Preprocessing AIS_2019_03_07.csv …
        MMSI  ... Label
0  367589320  ...     0
1  538004994  ...     0
2  367684870  ...     0
3  367572760  ...     0
4  636015039  ...     0

[5 rows x 6 columns]
  → saved to ../AIS_data/2019_03_07.csv
Downloading AIS_2019_03_08.zip …

Extracting AIS_2019_03_08.zip …
  → extracted and removed zip
Preprocessing AIS_2019_03_08.csv …
        MMSI  ... Label
0  367123560  ...     0
1  258781000  ...     0
2  367345040  ...     0
3  636018019  ...     0
4  367313000  ...     0

[5 rows x 6 columns]
  → saved to ../AIS_data/2019_03_08.csv
Downloading AIS_2019_03_09.zip …

Extracting AIS_2019_03_09.zip …
  → extracted and removed zip
Preprocessing AIS_2019_03_09.csv …
        MMSI  ... Label
0  218614000  ...     0
1  367445260  ...     0
2  367543570  ...     0
3  367452640  ...     0
4  367132730  ...     0

[5 rows x 6 columns]
  → saved to ../AIS_data/2019_03_09.csv
Downloading AIS_2019_03_10.zip …

Extracting AIS_2019_03_10.zip …
  → extracted and removed zip
Preprocessing AIS_2019_03_10.csv …
        MMSI  ... Label
0  367634690  ...     0
1  366014000  ...     0
2  367789310  ...     0
3  215035000  ...     0
4  366898000  ...     0

[5 rows x 6 columns]
  → saved to ../AIS_data/2019_03_10.csv
Downloading AIS_2019_03_11.zip …

Extracting AIS_2019_03_11.zip …
  → extracted and removed zip
Preprocessing AIS_2019_03_11.csv …
        MMSI  ... Label
0  367457250  ...     0
1  538004997  ...     0
2  538005255  ...     0
3  636016965  ...     0
4  367178330  ...     0

[5 rows x 6 columns]
  → saved to ../AIS_data/2019_03_11.csv
Downloading AIS_2019_03_12.zip …

Extracting AIS_2019_03_12.zip …
  → extracted and removed zip
Preprocessing AIS_2019_03_12.csv …
        MMSI  ... Label
0  636090747  ...     0
1  367312120  ...     0
2  367442120  ...     0
3  366869000  ...     0
4  366941870  ...     0

[5 rows x 6 columns]
  → saved to ../AIS_data/2019_03_12.csv
Downloading AIS_2019_03_13.zip …

Extracting AIS_2019_03_13.zip …
  → extracted and removed zip
Preprocessing AIS_2019_03_13.csv …
        MMSI  ... Label
0  367594650  ...     0
1  538006569  ...     0
2  636013816  ...     0
3  367583230  ...     0
4  371346000  ...     0

[5 rows x 6 columns]
  → saved to ../AIS_data/2019_03_13.csv
Downloading AIS_2019_03_14.zip …

Extracting AIS_2019_03_14.zip …
  → extracted and removed zip
Preprocessing AIS_2019_03_14.csv …
        MMSI  ... Label
0  367413160  ...     0
1  368248000  ...     0
2  566693000  ...     0
3  636092269  ...     0
4  564125000  ...     0

[5 rows x 6 columns]
  → saved to ../AIS_data/2019_03_14.csv
Downloading AIS_2019_03_15.zip …

Extracting AIS_2019_03_15.zip …
  → extracted and removed zip
Preprocessing AIS_2019_03_15.csv …
        MMSI  ... Label
0  538004118  ...     0
1  367529040  ...     0
2  367461560  ...     0
3  367413160  ...     0
4  367534590  ...     0

[5 rows x 6 columns]
  → saved to ../AIS_data/2019_03_15.csv
Downloading AIS_2019_03_16.zip …

Extracting AIS_2019_03_16.zip …
  → extracted and removed zip
Preprocessing AIS_2019_03_16.csv …
        MMSI  ... Label
0  319014200  ...     0
1  352413000  ...     0
2  367164070  ...     0
3  368589000  ...     0
4  311012800  ...     0

[5 rows x 6 columns]
  → saved to ../AIS_data/2019_03_16.csv
Downloading AIS_2019_03_17.zip …

Extracting AIS_2019_03_17.zip …
  → extracted and removed zip
Preprocessing AIS_2019_03_17.csv …
        MMSI  ... Label
0  367419770  ...     0
1  366992950  ...     0
2  367123560  ...     0
3  366875000  ...     0
4  538005124  ...     0

[5 rows x 6 columns]
  → saved to ../AIS_data/2019_03_17.csv
Downloading AIS_2019_03_18.zip …

Extracting AIS_2019_03_18.zip …
  → extracted and removed zip
Preprocessing AIS_2019_03_18.csv …
        MMSI  ... Label
0  367637190  ...     0
1  566042000  ...     0
2  338257000  ...     0
3  367581180  ...     0
4  367095660  ...     0

[5 rows x 6 columns]
  → saved to ../AIS_data/2019_03_18.csv
Downloading AIS_2019_03_19.zip …

Extracting AIS_2019_03_19.zip …
  → extracted and removed zip
Preprocessing AIS_2019_03_19.csv …
        MMSI  ... Label
0  419488000  ...     0
1  367526740  ...     0
2  366837910  ...     0
3  367723010  ...     0
4  367004030  ...     0

[5 rows x 6 columns]
  → saved to ../AIS_data/2019_03_19.csv
Downloading AIS_2019_03_20.zip …

Extracting AIS_2019_03_20.zip …
  → extracted and removed zip
Preprocessing AIS_2019_03_20.csv …
        MMSI  ... Label
0  235060248  ...     0
1  367032830  ...     0
2  366837910  ...     0
3  367716260  ...     0
4  366961260  ...     0

[5 rows x 6 columns]
  → saved to ../AIS_data/2019_03_20.csv
Downloading AIS_2019_03_21.zip …

Extracting AIS_2019_03_21.zip …
  → extracted and removed zip
Preprocessing AIS_2019_03_21.csv …
        MMSI  ... Label
0  566644000  ...     0
1  564561000  ...     0
2  367316130  ...     0
3  577358000  ...     0
4  356152000  ...     0

[5 rows x 6 columns]
  → saved to ../AIS_data/2019_03_21.csv
Downloading AIS_2019_03_22.zip …

Extracting AIS_2019_03_22.zip …
  → extracted and removed zip
Preprocessing AIS_2019_03_22.csv …
        MMSI  ... Label
0  636012318  ...     0
1  367684260  ...     0
2  366988110  ...     0
3  367653160  ...     0
4  366837910  ...     0

[5 rows x 6 columns]
  → saved to ../AIS_data/2019_03_22.csv
Downloading AIS_2019_03_23.zip …

Extracting AIS_2019_03_23.zip …
  → extracted and removed zip
Preprocessing AIS_2019_03_23.csv …
        MMSI  ... Label
0  366837910  ...     0
1  636015382  ...     0
2  366825080  ...     0
3  367115570  ...     0
4  311000240  ...     0

[5 rows x 6 columns]
  → saved to ../AIS_data/2019_03_23.csv
Downloading AIS_2019_03_24.zip …

Extracting AIS_2019_03_24.zip …
  → extracted and removed zip
Preprocessing AIS_2019_03_24.csv …
        MMSI  ... Label
0  367581180  ...     0
1  367642980  ...     0
2  303075000  ...     0
3  538003858  ...     0
4  367536940  ...     0

[5 rows x 6 columns]
  → saved to ../AIS_data/2019_03_24.csv
Downloading AIS_2019_03_25.zip …
Traceback (most recent call last):
  File "/home/grads/a/anath/RecFishing/data_preparation.py", line 103, in <module>
    wget.download(url, out=zip_path)
    ~~~~~~~~~~~~~^^^^^^^^^^^^^^^^^^^
  File "/home/grads/a/anath/anaconda3/envs/recfish/lib/python3.13/site-packages/wget.py", line 526, in download
    (tmpfile, headers) = ulib.urlretrieve(binurl, tmpfile, callback)
                         ~~~~~~~~~~~~~~~~^^^^^^^^^^^^^^^^^^^^^^^^^^^
  File "/home/grads/a/anath/anaconda3/envs/recfish/lib/python3.13/urllib/request.py", line 242, in urlretrieve
    while block := fp.read(bs):
                   ~~~~~~~^^^^
  File "/home/grads/a/anath/anaconda3/envs/recfish/lib/python3.13/http/client.py", line 479, in read
    s = self.fp.read(amt)
  File "/home/grads/a/anath/anaconda3/envs/recfish/lib/python3.13/socket.py", line 719, in readinto
    return self._sock.recv_into(b)
           ~~~~~~~~~~~~~~~~~~~~^^^
  File "/home/grads/a/anath/anaconda3/envs/recfish/lib/python3.13/ssl.py", line 1304, in recv_into
    return self.read(nbytes, buffer)
           ~~~~~~~~~^^^^^^^^^^^^^^^^
  File "/home/grads/a/anath/anaconda3/envs/recfish/lib/python3.13/ssl.py", line 1138, in read
    return self._sslobj.read(len, buffer)
           ~~~~~~~~~~~~~~~~~^^^^^^^^^^^^^
KeyboardInterrupt
Downloading AIS_2019_01_01.zip …

Extracting AIS_2019_01_01.zip …
  → extracted and removed zip
Preprocessing AIS_2019_01_01.csv …
  → saved to ../AIS_data/2019_01_01.pkl
Downloading AIS_2019_01_02.zip …

Extracting AIS_2019_01_02.zip …
  → extracted and removed zip
Preprocessing AIS_2019_01_02.csv …
  → saved to ../AIS_data/2019_01_02.pkl
Downloading AIS_2019_01_03.zip …

Extracting AIS_2019_01_03.zip …
  → extracted and removed zip
Preprocessing AIS_2019_01_03.csv …
  → saved to ../AIS_data/2019_01_03.pkl
Downloading AIS_2019_01_04.zip …

Extracting AIS_2019_01_04.zip …
  → extracted and removed zip
Preprocessing AIS_2019_01_04.csv …
  → saved to ../AIS_data/2019_01_04.pkl
Downloading AIS_2019_01_05.zip …

Extracting AIS_2019_01_05.zip …
  → extracted and removed zip
Preprocessing AIS_2019_01_05.csv …
  → saved to ../AIS_data/2019_01_05.pkl
Downloading AIS_2019_01_06.zip …

Extracting AIS_2019_01_06.zip …
  → extracted and removed zip
Preprocessing AIS_2019_01_06.csv …
  → saved to ../AIS_data/2019_01_06.pkl
Downloading AIS_2019_01_07.zip …

Extracting AIS_2019_01_07.zip …
  → extracted and removed zip
Preprocessing AIS_2019_01_07.csv …
  → saved to ../AIS_data/2019_01_07.pkl
Downloading AIS_2019_01_08.zip …

Extracting AIS_2019_01_08.zip …
  → extracted and removed zip
Preprocessing AIS_2019_01_08.csv …
  → saved to ../AIS_data/2019_01_08.pkl
Downloading AIS_2019_01_09.zip …

Extracting AIS_2019_01_09.zip …
  → extracted and removed zip
Preprocessing AIS_2019_01_09.csv …
  → saved to ../AIS_data/2019_01_09.pkl
Downloading AIS_2019_01_10.zip …

Extracting AIS_2019_01_10.zip …
  → extracted and removed zip
Preprocessing AIS_2019_01_10.csv …
  → saved to ../AIS_data/2019_01_10.pkl
Downloading AIS_2019_01_11.zip …

Extracting AIS_2019_01_11.zip …
  → extracted and removed zip
Preprocessing AIS_2019_01_11.csv …
  → saved to ../AIS_data/2019_01_11.pkl
Downloading AIS_2019_01_12.zip …

Extracting AIS_2019_01_12.zip …
  → extracted and removed zip
Preprocessing AIS_2019_01_12.csv …
  → saved to ../AIS_data/2019_01_12.pkl
Downloading AIS_2019_01_13.zip …

Extracting AIS_2019_01_13.zip …
  → extracted and removed zip
Preprocessing AIS_2019_01_13.csv …
  → saved to ../AIS_data/2019_01_13.pkl
Downloading AIS_2019_01_14.zip …

Extracting AIS_2019_01_14.zip …
  → extracted and removed zip
Preprocessing AIS_2019_01_14.csv …
  → saved to ../AIS_data/2019_01_14.pkl
Downloading AIS_2019_01_15.zip …

Extracting AIS_2019_01_15.zip …
  → extracted and removed zip
Preprocessing AIS_2019_01_15.csv …
  → saved to ../AIS_data/2019_01_15.pkl
Downloading AIS_2019_01_16.zip …

Extracting AIS_2019_01_16.zip …
  → extracted and removed zip
Preprocessing AIS_2019_01_16.csv …
  → saved to ../AIS_data/2019_01_16.pkl
Downloading AIS_2019_01_17.zip …

Extracting AIS_2019_01_17.zip …
  → extracted and removed zip
Preprocessing AIS_2019_01_17.csv …
  → saved to ../AIS_data/2019_01_17.pkl
Downloading AIS_2019_01_18.zip …

Extracting AIS_2019_01_18.zip …
  → extracted and removed zip
Preprocessing AIS_2019_01_18.csv …
  → saved to ../AIS_data/2019_01_18.pkl
Downloading AIS_2019_01_19.zip …

Extracting AIS_2019_01_19.zip …
  → extracted and removed zip
Preprocessing AIS_2019_01_19.csv …
  → saved to ../AIS_data/2019_01_19.pkl
Downloading AIS_2019_01_20.zip …

Extracting AIS_2019_01_20.zip …
  → extracted and removed zip
Preprocessing AIS_2019_01_20.csv …
  → saved to ../AIS_data/2019_01_20.pkl
Downloading AIS_2019_01_21.zip …

Extracting AIS_2019_01_21.zip …
  → extracted and removed zip
Preprocessing AIS_2019_01_21.csv …
  → saved to ../AIS_data/2019_01_21.pkl
Downloading AIS_2019_01_22.zip …

Extracting AIS_2019_01_22.zip …
  → extracted and removed zip
Preprocessing AIS_2019_01_22.csv …
  → saved to ../AIS_data/2019_01_22.pkl
Downloading AIS_2019_01_23.zip …

Extracting AIS_2019_01_23.zip …
  → extracted and removed zip
Preprocessing AIS_2019_01_23.csv …
  → saved to ../AIS_data/2019_01_23.pkl
Downloading AIS_2019_01_24.zip …

Extracting AIS_2019_01_24.zip …
  → extracted and removed zip
Preprocessing AIS_2019_01_24.csv …
  → saved to ../AIS_data/2019_01_24.pkl
Downloading AIS_2019_01_25.zip …

Extracting AIS_2019_01_25.zip …
  → extracted and removed zip
Preprocessing AIS_2019_01_25.csv …
  → saved to ../AIS_data/2019_01_25.pkl
Downloading AIS_2019_01_26.zip …

Extracting AIS_2019_01_26.zip …
  → extracted and removed zip
Preprocessing AIS_2019_01_26.csv …
  → saved to ../AIS_data/2019_01_26.pkl
Downloading AIS_2019_01_27.zip …

Extracting AIS_2019_01_27.zip …
  → extracted and removed zip
Preprocessing AIS_2019_01_27.csv …
  → saved to ../AIS_data/2019_01_27.pkl
Downloading AIS_2019_01_28.zip …

Extracting AIS_2019_01_28.zip …
  → extracted and removed zip
Preprocessing AIS_2019_01_28.csv …
  → saved to ../AIS_data/2019_01_28.pkl
Downloading AIS_2019_01_29.zip …

Extracting AIS_2019_01_29.zip …
  → extracted and removed zip
Preprocessing AIS_2019_01_29.csv …
  → saved to ../AIS_data/2019_01_29.pkl
Downloading AIS_2019_01_30.zip …

Extracting AIS_2019_01_30.zip …
  → extracted and removed zip
Preprocessing AIS_2019_01_30.csv …
  → saved to ../AIS_data/2019_01_30.pkl
Downloading AIS_2019_01_31.zip …

Extracting AIS_2019_01_31.zip …
  → extracted and removed zip
Preprocessing AIS_2019_01_31.csv …
  → saved to ../AIS_data/2019_01_31.pkl
Downloading AIS_2019_02_01.zip …

Extracting AIS_2019_02_01.zip …
  → extracted and removed zip
Preprocessing AIS_2019_02_01.csv …
  → saved to ../AIS_data/2019_02_01.pkl
Downloading AIS_2019_02_02.zip …

Extracting AIS_2019_02_02.zip …
  → extracted and removed zip
Preprocessing AIS_2019_02_02.csv …
  → saved to ../AIS_data/2019_02_02.pkl
Downloading AIS_2019_02_03.zip …

Extracting AIS_2019_02_03.zip …
  → extracted and removed zip
Preprocessing AIS_2019_02_03.csv …
  → saved to ../AIS_data/2019_02_03.pkl
Downloading AIS_2019_02_04.zip …

Extracting AIS_2019_02_04.zip …
  → extracted and removed zip
Preprocessing AIS_2019_02_04.csv …
  → saved to ../AIS_data/2019_02_04.pkl
Downloading AIS_2019_02_05.zip …

Extracting AIS_2019_02_05.zip …
  → extracted and removed zip
Preprocessing AIS_2019_02_05.csv …
  → saved to ../AIS_data/2019_02_05.pkl
Downloading AIS_2019_02_06.zip …

Extracting AIS_2019_02_06.zip …
  → extracted and removed zip
Preprocessing AIS_2019_02_06.csv …
  → saved to ../AIS_data/2019_02_06.pkl
Downloading AIS_2019_02_07.zip …

Extracting AIS_2019_02_07.zip …
  → extracted and removed zip
Preprocessing AIS_2019_02_07.csv …
  → saved to ../AIS_data/2019_02_07.pkl
Downloading AIS_2019_02_08.zip …

Extracting AIS_2019_02_08.zip …
  → extracted and removed zip
Preprocessing AIS_2019_02_08.csv …
  → saved to ../AIS_data/2019_02_08.pkl
Downloading AIS_2019_02_09.zip …

Extracting AIS_2019_02_09.zip …
  → extracted and removed zip
Preprocessing AIS_2019_02_09.csv …
  → saved to ../AIS_data/2019_02_09.pkl
Downloading AIS_2019_02_10.zip …

Extracting AIS_2019_02_10.zip …
  → extracted and removed zip
Preprocessing AIS_2019_02_10.csv …
  → saved to ../AIS_data/2019_02_10.pkl
Downloading AIS_2019_02_11.zip …

Extracting AIS_2019_02_11.zip …
  → extracted and removed zip
Preprocessing AIS_2019_02_11.csv …
  → saved to ../AIS_data/2019_02_11.pkl
Downloading AIS_2019_02_12.zip …

Extracting AIS_2019_02_12.zip …
  → extracted and removed zip
Preprocessing AIS_2019_02_12.csv …
  → saved to ../AIS_data/2019_02_12.pkl
Downloading AIS_2019_02_13.zip …

Extracting AIS_2019_02_13.zip …
  → extracted and removed zip
Preprocessing AIS_2019_02_13.csv …
  → saved to ../AIS_data/2019_02_13.pkl
Downloading AIS_2019_02_14.zip …

Extracting AIS_2019_02_14.zip …
  → extracted and removed zip
Preprocessing AIS_2019_02_14.csv …
  → saved to ../AIS_data/2019_02_14.pkl
Downloading AIS_2019_02_15.zip …

Extracting AIS_2019_02_15.zip …
  → extracted and removed zip
Preprocessing AIS_2019_02_15.csv …
  → saved to ../AIS_data/2019_02_15.pkl
Downloading AIS_2019_02_16.zip …

Extracting AIS_2019_02_16.zip …
  → extracted and removed zip
Preprocessing AIS_2019_02_16.csv …
  → saved to ../AIS_data/2019_02_16.pkl
Downloading AIS_2019_02_17.zip …

Extracting AIS_2019_02_17.zip …
  → extracted and removed zip
Preprocessing AIS_2019_02_17.csv …
  → saved to ../AIS_data/2019_02_17.pkl
Downloading AIS_2019_02_18.zip …

Extracting AIS_2019_02_18.zip …
  → extracted and removed zip
Preprocessing AIS_2019_02_18.csv …
  → saved to ../AIS_data/2019_02_18.pkl
Downloading AIS_2019_02_19.zip …

Extracting AIS_2019_02_19.zip …
  → extracted and removed zip
Preprocessing AIS_2019_02_19.csv …
  → saved to ../AIS_data/2019_02_19.pkl
Downloading AIS_2019_02_20.zip …

Extracting AIS_2019_02_20.zip …
  → extracted and removed zip
Preprocessing AIS_2019_02_20.csv …
  → saved to ../AIS_data/2019_02_20.pkl
Downloading AIS_2019_02_21.zip …

Extracting AIS_2019_02_21.zip …
  → extracted and removed zip
Preprocessing AIS_2019_02_21.csv …
  → saved to ../AIS_data/2019_02_21.pkl
Downloading AIS_2019_02_22.zip …

Extracting AIS_2019_02_22.zip …
  → extracted and removed zip
Preprocessing AIS_2019_02_22.csv …
  → saved to ../AIS_data/2019_02_22.pkl
Downloading AIS_2019_02_23.zip …

Extracting AIS_2019_02_23.zip …
  → extracted and removed zip
Preprocessing AIS_2019_02_23.csv …
  → saved to ../AIS_data/2019_02_23.pkl
Downloading AIS_2019_02_24.zip …

Extracting AIS_2019_02_24.zip …
  → extracted and removed zip
Preprocessing AIS_2019_02_24.csv …
  → saved to ../AIS_data/2019_02_24.pkl
Downloading AIS_2019_02_25.zip …

Extracting AIS_2019_02_25.zip …
  → extracted and removed zip
Preprocessing AIS_2019_02_25.csv …
  → saved to ../AIS_data/2019_02_25.pkl
Downloading AIS_2019_02_26.zip …

Extracting AIS_2019_02_26.zip …
  → extracted and removed zip
Preprocessing AIS_2019_02_26.csv …
  → saved to ../AIS_data/2019_02_26.pkl
Downloading AIS_2019_02_27.zip …

Extracting AIS_2019_02_27.zip …
  → extracted and removed zip
Preprocessing AIS_2019_02_27.csv …
  → saved to ../AIS_data/2019_02_27.pkl
Downloading AIS_2019_02_28.zip …

Extracting AIS_2019_02_28.zip …
  → extracted and removed zip
Preprocessing AIS_2019_02_28.csv …
  → saved to ../AIS_data/2019_02_28.pkl
Downloading AIS_2019_03_01.zip …

Extracting AIS_2019_03_01.zip …
  → extracted and removed zip
Preprocessing AIS_2019_03_01.csv …
  → saved to ../AIS_data/2019_03_01.pkl
Downloading AIS_2019_03_02.zip …

Extracting AIS_2019_03_02.zip …
  → extracted and removed zip
Preprocessing AIS_2019_03_02.csv …
  → saved to ../AIS_data/2019_03_02.pkl
Downloading AIS_2019_03_03.zip …

Extracting AIS_2019_03_03.zip …
  → extracted and removed zip
Preprocessing AIS_2019_03_03.csv …
  → saved to ../AIS_data/2019_03_03.pkl
Downloading AIS_2019_03_04.zip …

Extracting AIS_2019_03_04.zip …
  → extracted and removed zip
Preprocessing AIS_2019_03_04.csv …
  → saved to ../AIS_data/2019_03_04.pkl
Downloading AIS_2019_03_05.zip …

Extracting AIS_2019_03_05.zip …
  → extracted and removed zip
Preprocessing AIS_2019_03_05.csv …
  → saved to ../AIS_data/2019_03_05.pkl
Downloading AIS_2019_03_06.zip …

Extracting AIS_2019_03_06.zip …
  → extracted and removed zip
Preprocessing AIS_2019_03_06.csv …
  → saved to ../AIS_data/2019_03_06.pkl
Downloading AIS_2019_03_07.zip …

Extracting AIS_2019_03_07.zip …
  → extracted and removed zip
Preprocessing AIS_2019_03_07.csv …
  → saved to ../AIS_data/2019_03_07.pkl
Downloading AIS_2019_03_08.zip …

Extracting AIS_2019_03_08.zip …
  → extracted and removed zip
Preprocessing AIS_2019_03_08.csv …
  → saved to ../AIS_data/2019_03_08.pkl
Downloading AIS_2019_03_09.zip …

Extracting AIS_2019_03_09.zip …
  → extracted and removed zip
Preprocessing AIS_2019_03_09.csv …
  → saved to ../AIS_data/2019_03_09.pkl
Downloading AIS_2019_03_10.zip …

Extracting AIS_2019_03_10.zip …
  → extracted and removed zip
Preprocessing AIS_2019_03_10.csv …
  → saved to ../AIS_data/2019_03_10.pkl
Downloading AIS_2019_03_11.zip …

Extracting AIS_2019_03_11.zip …
  → extracted and removed zip
Preprocessing AIS_2019_03_11.csv …
  → saved to ../AIS_data/2019_03_11.pkl
Downloading AIS_2019_03_12.zip …

Extracting AIS_2019_03_12.zip …
  → extracted and removed zip
Preprocessing AIS_2019_03_12.csv …
  → saved to ../AIS_data/2019_03_12.pkl
Downloading AIS_2019_03_13.zip …

Extracting AIS_2019_03_13.zip …
  → extracted and removed zip
Preprocessing AIS_2019_03_13.csv …
  → saved to ../AIS_data/2019_03_13.pkl
Downloading AIS_2019_03_14.zip …

Extracting AIS_2019_03_14.zip …
  → extracted and removed zip
Preprocessing AIS_2019_03_14.csv …
  → saved to ../AIS_data/2019_03_14.pkl
Downloading AIS_2019_03_15.zip …

Extracting AIS_2019_03_15.zip …
  → extracted and removed zip
Preprocessing AIS_2019_03_15.csv …
  → saved to ../AIS_data/2019_03_15.pkl
Downloading AIS_2019_03_16.zip …

Extracting AIS_2019_03_16.zip …
  → extracted and removed zip
Preprocessing AIS_2019_03_16.csv …
  → saved to ../AIS_data/2019_03_16.pkl
Downloading AIS_2019_03_17.zip …

Extracting AIS_2019_03_17.zip …
  → extracted and removed zip
Preprocessing AIS_2019_03_17.csv …
  → saved to ../AIS_data/2019_03_17.pkl
Downloading AIS_2019_03_18.zip …

Extracting AIS_2019_03_18.zip …
  → extracted and removed zip
Preprocessing AIS_2019_03_18.csv …
  → saved to ../AIS_data/2019_03_18.pkl
Downloading AIS_2019_03_19.zip …

Extracting AIS_2019_03_19.zip …
  → extracted and removed zip
Preprocessing AIS_2019_03_19.csv …
  → saved to ../AIS_data/2019_03_19.pkl
Downloading AIS_2019_03_20.zip …

Extracting AIS_2019_03_20.zip …
  → extracted and removed zip
Preprocessing AIS_2019_03_20.csv …
  → saved to ../AIS_data/2019_03_20.pkl
Downloading AIS_2019_03_21.zip …

Extracting AIS_2019_03_21.zip …
  → extracted and removed zip
Preprocessing AIS_2019_03_21.csv …
  → saved to ../AIS_data/2019_03_21.pkl
Downloading AIS_2019_03_22.zip …

Extracting AIS_2019_03_22.zip …
  → extracted and removed zip
Preprocessing AIS_2019_03_22.csv …
  → saved to ../AIS_data/2019_03_22.pkl
Downloading AIS_2019_03_23.zip …

Extracting AIS_2019_03_23.zip …
  → extracted and removed zip
Preprocessing AIS_2019_03_23.csv …
  → saved to ../AIS_data/2019_03_23.pkl
Downloading AIS_2019_03_24.zip …

Extracting AIS_2019_03_24.zip …
  → extracted and removed zip
Preprocessing AIS_2019_03_24.csv …
  → saved to ../AIS_data/2019_03_24.pkl
Downloading AIS_2019_03_25.zip …

Extracting AIS_2019_03_25.zip …
  → extracted and removed zip
Preprocessing AIS_2019_03_25.csv …
  → saved to ../AIS_data/2019_03_25.pkl
Downloading AIS_2019_03_26.zip …

Extracting AIS_2019_03_26.zip …
  → extracted and removed zip
Preprocessing AIS_2019_03_26.csv …
  → saved to ../AIS_data/2019_03_26.pkl
Downloading AIS_2019_03_27.zip …

Extracting AIS_2019_03_27.zip …
  → extracted and removed zip
Preprocessing AIS_2019_03_27.csv …
  → saved to ../AIS_data/2019_03_27.pkl
Downloading AIS_2019_03_28.zip …

Extracting AIS_2019_03_28.zip …
  → extracted and removed zip
Preprocessing AIS_2019_03_28.csv …
  → saved to ../AIS_data/2019_03_28.pkl
Downloading AIS_2019_03_29.zip …

Extracting AIS_2019_03_29.zip …
  → extracted and removed zip
Preprocessing AIS_2019_03_29.csv …
  → saved to ../AIS_data/2019_03_29.pkl
Downloading AIS_2019_03_30.zip …

Extracting AIS_2019_03_30.zip …
  → extracted and removed zip
Preprocessing AIS_2019_03_30.csv …
  → saved to ../AIS_data/2019_03_30.pkl
Downloading AIS_2019_03_31.zip …

Extracting AIS_2019_03_31.zip …
  → extracted and removed zip
Preprocessing AIS_2019_03_31.csv …
  → saved to ../AIS_data/2019_03_31.pkl
Downloading AIS_2019_04_01.zip …

Extracting AIS_2019_04_01.zip …
  → extracted and removed zip
Preprocessing AIS_2019_04_01.csv …
  → saved to ../AIS_data/2019_04_01.pkl
Downloading AIS_2019_04_02.zip …

Extracting AIS_2019_04_02.zip …
  → extracted and removed zip
Preprocessing AIS_2019_04_02.csv …
  → saved to ../AIS_data/2019_04_02.pkl
Downloading AIS_2019_04_03.zip …

Extracting AIS_2019_04_03.zip …
  → extracted and removed zip
Preprocessing AIS_2019_04_03.csv …
  → saved to ../AIS_data/2019_04_03.pkl
Downloading AIS_2019_04_04.zip …

Extracting AIS_2019_04_04.zip …
  → extracted and removed zip
Preprocessing AIS_2019_04_04.csv …
  → saved to ../AIS_data/2019_04_04.pkl
Downloading AIS_2019_04_05.zip …

Extracting AIS_2019_04_05.zip …
  → extracted and removed zip
Preprocessing AIS_2019_04_05.csv …
  → saved to ../AIS_data/2019_04_05.pkl
Downloading AIS_2019_04_06.zip …

Extracting AIS_2019_04_06.zip …
  → extracted and removed zip
Preprocessing AIS_2019_04_06.csv …
  → saved to ../AIS_data/2019_04_06.pkl
Downloading AIS_2019_04_07.zip …

Extracting AIS_2019_04_07.zip …
  → extracted and removed zip
Preprocessing AIS_2019_04_07.csv …
  → saved to ../AIS_data/2019_04_07.pkl
Downloading AIS_2019_04_08.zip …

Extracting AIS_2019_04_08.zip …
  → extracted and removed zip
Preprocessing AIS_2019_04_08.csv …
  → saved to ../AIS_data/2019_04_08.pkl
Downloading AIS_2019_04_09.zip …

Extracting AIS_2019_04_09.zip …
  → extracted and removed zip
Preprocessing AIS_2019_04_09.csv …
  → saved to ../AIS_data/2019_04_09.pkl
Downloading AIS_2019_04_10.zip …

Extracting AIS_2019_04_10.zip …
  → extracted and removed zip
Preprocessing AIS_2019_04_10.csv …
  → saved to ../AIS_data/2019_04_10.pkl
Downloading AIS_2019_04_11.zip …

Extracting AIS_2019_04_11.zip …
  → extracted and removed zip
Preprocessing AIS_2019_04_11.csv …
  → saved to ../AIS_data/2019_04_11.pkl
Downloading AIS_2019_04_12.zip …

Extracting AIS_2019_04_12.zip …
  → extracted and removed zip
Preprocessing AIS_2019_04_12.csv …
  → saved to ../AIS_data/2019_04_12.pkl
Downloading AIS_2019_04_13.zip …

Extracting AIS_2019_04_13.zip …
  → extracted and removed zip
Preprocessing AIS_2019_04_13.csv …
  → saved to ../AIS_data/2019_04_13.pkl
Downloading AIS_2019_04_14.zip …

Extracting AIS_2019_04_14.zip …
  → extracted and removed zip
Preprocessing AIS_2019_04_14.csv …
  → saved to ../AIS_data/2019_04_14.pkl
Downloading AIS_2019_04_15.zip …

Extracting AIS_2019_04_15.zip …
  → extracted and removed zip
Preprocessing AIS_2019_04_15.csv …
  → saved to ../AIS_data/2019_04_15.pkl
Downloading AIS_2019_04_16.zip …

Extracting AIS_2019_04_16.zip …
  → extracted and removed zip
Preprocessing AIS_2019_04_16.csv …
  → saved to ../AIS_data/2019_04_16.pkl
Downloading AIS_2019_04_17.zip …

Extracting AIS_2019_04_17.zip …
  → extracted and removed zip
Preprocessing AIS_2019_04_17.csv …
  → saved to ../AIS_data/2019_04_17.pkl
Downloading AIS_2019_04_18.zip …

Extracting AIS_2019_04_18.zip …
  → extracted and removed zip
Preprocessing AIS_2019_04_18.csv …
  → saved to ../AIS_data/2019_04_18.pkl
Downloading AIS_2019_04_19.zip …

Extracting AIS_2019_04_19.zip …
  → extracted and removed zip
Preprocessing AIS_2019_04_19.csv …
  → saved to ../AIS_data/2019_04_19.pkl
Downloading AIS_2019_04_20.zip …

Extracting AIS_2019_04_20.zip …
  → extracted and removed zip
Preprocessing AIS_2019_04_20.csv …
  → saved to ../AIS_data/2019_04_20.pkl
Downloading AIS_2019_04_21.zip …

Extracting AIS_2019_04_21.zip …
  → extracted and removed zip
Preprocessing AIS_2019_04_21.csv …
  → saved to ../AIS_data/2019_04_21.pkl
Downloading AIS_2019_04_22.zip …

Extracting AIS_2019_04_22.zip …
  → extracted and removed zip
Preprocessing AIS_2019_04_22.csv …
  → saved to ../AIS_data/2019_04_22.pkl
Downloading AIS_2019_04_23.zip …

Extracting AIS_2019_04_23.zip …
  → extracted and removed zip
Preprocessing AIS_2019_04_23.csv …
  → saved to ../AIS_data/2019_04_23.pkl
Downloading AIS_2019_04_24.zip …

Extracting AIS_2019_04_24.zip …
  → extracted and removed zip
Preprocessing AIS_2019_04_24.csv …
  → saved to ../AIS_data/2019_04_24.pkl
Downloading AIS_2019_04_25.zip …

Extracting AIS_2019_04_25.zip …
  → extracted and removed zip
Preprocessing AIS_2019_04_25.csv …
  → saved to ../AIS_data/2019_04_25.pkl
Downloading AIS_2019_04_26.zip …

Extracting AIS_2019_04_26.zip …
  → extracted and removed zip
Preprocessing AIS_2019_04_26.csv …
  → saved to ../AIS_data/2019_04_26.pkl
Downloading AIS_2019_04_27.zip …

Extracting AIS_2019_04_27.zip …
  → extracted and removed zip
Preprocessing AIS_2019_04_27.csv …
  → saved to ../AIS_data/2019_04_27.pkl
Downloading AIS_2019_04_28.zip …

Extracting AIS_2019_04_28.zip …
  → extracted and removed zip
Preprocessing AIS_2019_04_28.csv …
  → saved to ../AIS_data/2019_04_28.pkl
Downloading AIS_2019_04_29.zip …

Extracting AIS_2019_04_29.zip …
  → extracted and removed zip
Preprocessing AIS_2019_04_29.csv …
  → saved to ../AIS_data/2019_04_29.pkl
Downloading AIS_2019_04_30.zip …

Extracting AIS_2019_04_30.zip …
  → extracted and removed zip
Preprocessing AIS_2019_04_30.csv …
  → saved to ../AIS_data/2019_04_30.pkl
Downloading AIS_2019_05_01.zip …

Extracting AIS_2019_05_01.zip …
  → extracted and removed zip
Preprocessing AIS_2019_05_01.csv …
  → saved to ../AIS_data/2019_05_01.pkl
Downloading AIS_2019_05_02.zip …

Extracting AIS_2019_05_02.zip …
  → extracted and removed zip
Preprocessing AIS_2019_05_02.csv …
  → saved to ../AIS_data/2019_05_02.pkl
Downloading AIS_2019_05_03.zip …

Extracting AIS_2019_05_03.zip …
  → extracted and removed zip
Preprocessing AIS_2019_05_03.csv …
  → saved to ../AIS_data/2019_05_03.pkl
Downloading AIS_2019_05_04.zip …

Extracting AIS_2019_05_04.zip …
  → extracted and removed zip
Preprocessing AIS_2019_05_04.csv …
  → saved to ../AIS_data/2019_05_04.pkl
Downloading AIS_2019_05_05.zip …

Extracting AIS_2019_05_05.zip …
  → extracted and removed zip
Preprocessing AIS_2019_05_05.csv …
  → saved to ../AIS_data/2019_05_05.pkl
Downloading AIS_2019_05_06.zip …

Extracting AIS_2019_05_06.zip …
  → extracted and removed zip
Preprocessing AIS_2019_05_06.csv …
  → saved to ../AIS_data/2019_05_06.pkl
Downloading AIS_2019_05_07.zip …

Extracting AIS_2019_05_07.zip …
  → extracted and removed zip
Preprocessing AIS_2019_05_07.csv …
  → saved to ../AIS_data/2019_05_07.pkl
Downloading AIS_2019_05_08.zip …

Extracting AIS_2019_05_08.zip …
  → extracted and removed zip
Preprocessing AIS_2019_05_08.csv …
  → saved to ../AIS_data/2019_05_08.pkl
Downloading AIS_2019_05_09.zip …

Extracting AIS_2019_05_09.zip …
  → extracted and removed zip
Preprocessing AIS_2019_05_09.csv …
  → saved to ../AIS_data/2019_05_09.pkl
Downloading AIS_2019_05_10.zip …

Extracting AIS_2019_05_10.zip …
  → extracted and removed zip
Preprocessing AIS_2019_05_10.csv …
  → saved to ../AIS_data/2019_05_10.pkl
Downloading AIS_2019_05_11.zip …

Extracting AIS_2019_05_11.zip …
  → extracted and removed zip
Preprocessing AIS_2019_05_11.csv …
  → saved to ../AIS_data/2019_05_11.pkl
Downloading AIS_2019_05_12.zip …

Extracting AIS_2019_05_12.zip …
  → extracted and removed zip
Preprocessing AIS_2019_05_12.csv …
  → saved to ../AIS_data/2019_05_12.pkl
Downloading AIS_2019_05_13.zip …

Extracting AIS_2019_05_13.zip …
  → extracted and removed zip
Preprocessing AIS_2019_05_13.csv …
  → saved to ../AIS_data/2019_05_13.pkl
Downloading AIS_2019_05_14.zip …

Extracting AIS_2019_05_14.zip …
  → extracted and removed zip
Preprocessing AIS_2019_05_14.csv …
  → saved to ../AIS_data/2019_05_14.pkl
Downloading AIS_2019_05_15.zip …

Extracting AIS_2019_05_15.zip …
  → extracted and removed zip
Preprocessing AIS_2019_05_15.csv …
  → saved to ../AIS_data/2019_05_15.pkl
Downloading AIS_2019_05_16.zip …

Extracting AIS_2019_05_16.zip …
  → extracted and removed zip
Preprocessing AIS_2019_05_16.csv …
  → saved to ../AIS_data/2019_05_16.pkl
Downloading AIS_2019_05_17.zip …

Extracting AIS_2019_05_17.zip …
  → extracted and removed zip
Preprocessing AIS_2019_05_17.csv …
  → saved to ../AIS_data/2019_05_17.pkl
Downloading AIS_2019_05_18.zip …

Extracting AIS_2019_05_18.zip …
  → extracted and removed zip
Preprocessing AIS_2019_05_18.csv …
  → saved to ../AIS_data/2019_05_18.pkl
Downloading AIS_2019_05_19.zip …

Extracting AIS_2019_05_19.zip …
  → extracted and removed zip
Preprocessing AIS_2019_05_19.csv …
  → saved to ../AIS_data/2019_05_19.pkl
Downloading AIS_2019_05_20.zip …

Extracting AIS_2019_05_20.zip …
  → extracted and removed zip
Preprocessing AIS_2019_05_20.csv …
  → saved to ../AIS_data/2019_05_20.pkl
Downloading AIS_2019_05_21.zip …

Extracting AIS_2019_05_21.zip …
  → extracted and removed zip
Preprocessing AIS_2019_05_21.csv …
  → saved to ../AIS_data/2019_05_21.pkl
Downloading AIS_2019_05_22.zip …

Extracting AIS_2019_05_22.zip …
  → extracted and removed zip
Preprocessing AIS_2019_05_22.csv …
  → saved to ../AIS_data/2019_05_22.pkl
Downloading AIS_2019_05_23.zip …

Extracting AIS_2019_05_23.zip …
  → extracted and removed zip
Preprocessing AIS_2019_05_23.csv …
  → saved to ../AIS_data/2019_05_23.pkl
Downloading AIS_2019_05_24.zip …

Extracting AIS_2019_05_24.zip …
  → extracted and removed zip
Preprocessing AIS_2019_05_24.csv …
  → saved to ../AIS_data/2019_05_24.pkl
Downloading AIS_2019_05_25.zip …

Extracting AIS_2019_05_25.zip …
  → extracted and removed zip
Preprocessing AIS_2019_05_25.csv …
  → saved to ../AIS_data/2019_05_25.pkl
Downloading AIS_2019_05_26.zip …

Extracting AIS_2019_05_26.zip …
  → extracted and removed zip
Preprocessing AIS_2019_05_26.csv …
  → saved to ../AIS_data/2019_05_26.pkl
Downloading AIS_2019_05_27.zip …

Extracting AIS_2019_05_27.zip …
  → extracted and removed zip
Preprocessing AIS_2019_05_27.csv …
  → saved to ../AIS_data/2019_05_27.pkl
Downloading AIS_2019_05_28.zip …

Extracting AIS_2019_05_28.zip …
  → extracted and removed zip
Preprocessing AIS_2019_05_28.csv …
  → saved to ../AIS_data/2019_05_28.pkl
Downloading AIS_2019_05_29.zip …

Extracting AIS_2019_05_29.zip …
  → extracted and removed zip
Preprocessing AIS_2019_05_29.csv …
  → saved to ../AIS_data/2019_05_29.pkl
Downloading AIS_2019_05_30.zip …

Extracting AIS_2019_05_30.zip …
  → extracted and removed zip
Preprocessing AIS_2019_05_30.csv …
  → saved to ../AIS_data/2019_05_30.pkl
Downloading AIS_2019_05_31.zip …

Extracting AIS_2019_05_31.zip …
  → extracted and removed zip
Preprocessing AIS_2019_05_31.csv …
  → saved to ../AIS_data/2019_05_31.pkl
Downloading AIS_2019_06_01.zip …

Extracting AIS_2019_06_01.zip …
  → extracted and removed zip
Preprocessing AIS_2019_06_01.csv …
  → saved to ../AIS_data/2019_06_01.pkl
Downloading AIS_2019_06_02.zip …

Extracting AIS_2019_06_02.zip …
  → extracted and removed zip
Preprocessing AIS_2019_06_02.csv …
  → saved to ../AIS_data/2019_06_02.pkl
Downloading AIS_2019_06_03.zip …

Extracting AIS_2019_06_03.zip …
  → extracted and removed zip
Preprocessing AIS_2019_06_03.csv …
  → saved to ../AIS_data/2019_06_03.pkl
Downloading AIS_2019_06_04.zip …

Extracting AIS_2019_06_04.zip …
  → extracted and removed zip
Preprocessing AIS_2019_06_04.csv …
  → saved to ../AIS_data/2019_06_04.pkl
Downloading AIS_2019_06_05.zip …

Extracting AIS_2019_06_05.zip …
  → extracted and removed zip
Preprocessing AIS_2019_06_05.csv …
  → saved to ../AIS_data/2019_06_05.pkl
Downloading AIS_2019_06_06.zip …

Extracting AIS_2019_06_06.zip …
  → extracted and removed zip
Preprocessing AIS_2019_06_06.csv …
  → saved to ../AIS_data/2019_06_06.pkl
Downloading AIS_2019_06_07.zip …

Extracting AIS_2019_06_07.zip …
  → extracted and removed zip
Preprocessing AIS_2019_06_07.csv …
  → saved to ../AIS_data/2019_06_07.pkl
Downloading AIS_2019_06_08.zip …

Extracting AIS_2019_06_08.zip …
  → extracted and removed zip
Preprocessing AIS_2019_06_08.csv …
  → saved to ../AIS_data/2019_06_08.pkl
Downloading AIS_2019_06_09.zip …

Extracting AIS_2019_06_09.zip …
  → extracted and removed zip
Preprocessing AIS_2019_06_09.csv …
  → saved to ../AIS_data/2019_06_09.pkl
Downloading AIS_2019_06_10.zip …

Extracting AIS_2019_06_10.zip …
  → extracted and removed zip
Preprocessing AIS_2019_06_10.csv …
  → saved to ../AIS_data/2019_06_10.pkl
Downloading AIS_2019_06_11.zip …

Extracting AIS_2019_06_11.zip …
  → extracted and removed zip
Preprocessing AIS_2019_06_11.csv …
  → saved to ../AIS_data/2019_06_11.pkl
Downloading AIS_2019_06_12.zip …

Extracting AIS_2019_06_12.zip …
  → extracted and removed zip
Preprocessing AIS_2019_06_12.csv …
  → saved to ../AIS_data/2019_06_12.pkl
Downloading AIS_2019_06_13.zip …

Extracting AIS_2019_06_13.zip …
  → extracted and removed zip
Preprocessing AIS_2019_06_13.csv …
  → saved to ../AIS_data/2019_06_13.pkl
Downloading AIS_2019_06_14.zip …

Extracting AIS_2019_06_14.zip …
  → extracted and removed zip
Preprocessing AIS_2019_06_14.csv …
  → saved to ../AIS_data/2019_06_14.pkl
Downloading AIS_2019_06_15.zip …

Extracting AIS_2019_06_15.zip …
  → extracted and removed zip
Preprocessing AIS_2019_06_15.csv …
  → saved to ../AIS_data/2019_06_15.pkl
Downloading AIS_2019_06_16.zip …

Extracting AIS_2019_06_16.zip …
  → extracted and removed zip
Preprocessing AIS_2019_06_16.csv …
  → saved to ../AIS_data/2019_06_16.pkl
Downloading AIS_2019_06_17.zip …

Extracting AIS_2019_06_17.zip …
  → extracted and removed zip
Preprocessing AIS_2019_06_17.csv …
  → saved to ../AIS_data/2019_06_17.pkl
Downloading AIS_2019_06_18.zip …

Extracting AIS_2019_06_18.zip …
  → extracted and removed zip
Preprocessing AIS_2019_06_18.csv …
  → saved to ../AIS_data/2019_06_18.pkl
Downloading AIS_2019_06_19.zip …

Extracting AIS_2019_06_19.zip …
  → extracted and removed zip
Preprocessing AIS_2019_06_19.csv …
  → saved to ../AIS_data/2019_06_19.pkl
Downloading AIS_2019_06_20.zip …

Extracting AIS_2019_06_20.zip …
  → extracted and removed zip
Preprocessing AIS_2019_06_20.csv …
  → saved to ../AIS_data/2019_06_20.pkl
Downloading AIS_2019_06_21.zip …

Extracting AIS_2019_06_21.zip …
  → extracted and removed zip
Preprocessing AIS_2019_06_21.csv …
  → saved to ../AIS_data/2019_06_21.pkl
Downloading AIS_2019_06_22.zip …

Extracting AIS_2019_06_22.zip …
  → extracted and removed zip
Preprocessing AIS_2019_06_22.csv …
  → saved to ../AIS_data/2019_06_22.pkl
Downloading AIS_2019_06_23.zip …

Extracting AIS_2019_06_23.zip …
  → extracted and removed zip
Preprocessing AIS_2019_06_23.csv …
  → saved to ../AIS_data/2019_06_23.pkl
Downloading AIS_2019_06_24.zip …

Extracting AIS_2019_06_24.zip …
  → extracted and removed zip
Preprocessing AIS_2019_06_24.csv …
  → saved to ../AIS_data/2019_06_24.pkl
Downloading AIS_2019_06_25.zip …

Extracting AIS_2019_06_25.zip …
  → extracted and removed zip
Preprocessing AIS_2019_06_25.csv …
  → saved to ../AIS_data/2019_06_25.pkl
Downloading AIS_2019_06_26.zip …

Extracting AIS_2019_06_26.zip …
  → extracted and removed zip
Preprocessing AIS_2019_06_26.csv …
  → saved to ../AIS_data/2019_06_26.pkl
Downloading AIS_2019_06_27.zip …

Extracting AIS_2019_06_27.zip …
  → extracted and removed zip
Preprocessing AIS_2019_06_27.csv …
  → saved to ../AIS_data/2019_06_27.pkl
Downloading AIS_2019_06_28.zip …

Extracting AIS_2019_06_28.zip …
  → extracted and removed zip
Preprocessing AIS_2019_06_28.csv …
  → saved to ../AIS_data/2019_06_28.pkl
Downloading AIS_2019_06_29.zip …

Extracting AIS_2019_06_29.zip …
  → extracted and removed zip
Preprocessing AIS_2019_06_29.csv …
  → saved to ../AIS_data/2019_06_29.pkl
Downloading AIS_2019_06_30.zip …

Extracting AIS_2019_06_30.zip …
  → extracted and removed zip
Preprocessing AIS_2019_06_30.csv …
  → saved to ../AIS_data/2019_06_30.pkl
Downloading AIS_2019_07_01.zip …

Extracting AIS_2019_07_01.zip …
  → extracted and removed zip
Preprocessing AIS_2019_07_01.csv …
  → saved to ../AIS_data/2019_07_01.pkl
Downloading AIS_2019_07_02.zip …

Extracting AIS_2019_07_02.zip …
  → extracted and removed zip
Preprocessing AIS_2019_07_02.csv …
  → saved to ../AIS_data/2019_07_02.pkl
Downloading AIS_2019_07_03.zip …

Extracting AIS_2019_07_03.zip …
  → extracted and removed zip
Preprocessing AIS_2019_07_03.csv …
  → saved to ../AIS_data/2019_07_03.pkl
Downloading AIS_2019_07_04.zip …

Extracting AIS_2019_07_04.zip …
  → extracted and removed zip
Preprocessing AIS_2019_07_04.csv …
  → saved to ../AIS_data/2019_07_04.pkl
Downloading AIS_2019_07_05.zip …

Extracting AIS_2019_07_05.zip …
  → extracted and removed zip
Preprocessing AIS_2019_07_05.csv …
  → saved to ../AIS_data/2019_07_05.pkl
Downloading AIS_2019_07_06.zip …

Extracting AIS_2019_07_06.zip …
  → extracted and removed zip
Preprocessing AIS_2019_07_06.csv …
  → saved to ../AIS_data/2019_07_06.pkl
Downloading AIS_2019_07_07.zip …

Extracting AIS_2019_07_07.zip …
  → extracted and removed zip
Preprocessing AIS_2019_07_07.csv …
  → saved to ../AIS_data/2019_07_07.pkl
Downloading AIS_2019_07_08.zip …

Extracting AIS_2019_07_08.zip …
  → extracted and removed zip
Preprocessing AIS_2019_07_08.csv …
  → saved to ../AIS_data/2019_07_08.pkl
Downloading AIS_2019_07_09.zip …

Extracting AIS_2019_07_09.zip …
  → extracted and removed zip
Preprocessing AIS_2019_07_09.csv …
  → saved to ../AIS_data/2019_07_09.pkl
Downloading AIS_2019_07_10.zip …

Extracting AIS_2019_07_10.zip …
  → extracted and removed zip
Preprocessing AIS_2019_07_10.csv …
  → saved to ../AIS_data/2019_07_10.pkl
Downloading AIS_2019_07_11.zip …

Extracting AIS_2019_07_11.zip …
  → extracted and removed zip
Preprocessing AIS_2019_07_11.csv …
  → saved to ../AIS_data/2019_07_11.pkl
Downloading AIS_2019_07_12.zip …

Extracting AIS_2019_07_12.zip …
  → extracted and removed zip
Preprocessing AIS_2019_07_12.csv …
  → saved to ../AIS_data/2019_07_12.pkl
Downloading AIS_2019_07_13.zip …

Extracting AIS_2019_07_13.zip …
  → extracted and removed zip
Preprocessing AIS_2019_07_13.csv …
  → saved to ../AIS_data/2019_07_13.pkl
Downloading AIS_2019_07_14.zip …

Extracting AIS_2019_07_14.zip …
  → extracted and removed zip
Preprocessing AIS_2019_07_14.csv …
  → saved to ../AIS_data/2019_07_14.pkl
Downloading AIS_2019_07_15.zip …

Extracting AIS_2019_07_15.zip …
  → extracted and removed zip
Preprocessing AIS_2019_07_15.csv …
  → saved to ../AIS_data/2019_07_15.pkl
Downloading AIS_2019_07_16.zip …

Extracting AIS_2019_07_16.zip …
  → extracted and removed zip
Preprocessing AIS_2019_07_16.csv …
  → saved to ../AIS_data/2019_07_16.pkl
Downloading AIS_2019_07_17.zip …

Extracting AIS_2019_07_17.zip …
  → extracted and removed zip
Preprocessing AIS_2019_07_17.csv …
  → saved to ../AIS_data/2019_07_17.pkl
Downloading AIS_2019_07_18.zip …

Extracting AIS_2019_07_18.zip …
  → extracted and removed zip
Preprocessing AIS_2019_07_18.csv …
  → saved to ../AIS_data/2019_07_18.pkl
Downloading AIS_2019_07_19.zip …

Extracting AIS_2019_07_19.zip …
  → extracted and removed zip
Preprocessing AIS_2019_07_19.csv …
  → saved to ../AIS_data/2019_07_19.pkl
Downloading AIS_2019_07_20.zip …

Extracting AIS_2019_07_20.zip …
  → extracted and removed zip
Preprocessing AIS_2019_07_20.csv …
  → saved to ../AIS_data/2019_07_20.pkl
Downloading AIS_2019_07_21.zip …

Extracting AIS_2019_07_21.zip …
  → extracted and removed zip
Preprocessing AIS_2019_07_21.csv …
  → saved to ../AIS_data/2019_07_21.pkl
Downloading AIS_2019_07_22.zip …

Extracting AIS_2019_07_22.zip …
  → extracted and removed zip
Preprocessing AIS_2019_07_22.csv …
  → saved to ../AIS_data/2019_07_22.pkl
Downloading AIS_2019_07_23.zip …

Extracting AIS_2019_07_23.zip …
  → extracted and removed zip
Preprocessing AIS_2019_07_23.csv …
  → saved to ../AIS_data/2019_07_23.pkl
Downloading AIS_2019_07_24.zip …

Extracting AIS_2019_07_24.zip …
  → extracted and removed zip
Preprocessing AIS_2019_07_24.csv …
  → saved to ../AIS_data/2019_07_24.pkl
Downloading AIS_2019_07_25.zip …

Extracting AIS_2019_07_25.zip …
  → extracted and removed zip
Preprocessing AIS_2019_07_25.csv …
  → saved to ../AIS_data/2019_07_25.pkl
Downloading AIS_2019_07_26.zip …

Extracting AIS_2019_07_26.zip …
  → extracted and removed zip
Preprocessing AIS_2019_07_26.csv …
  → saved to ../AIS_data/2019_07_26.pkl
Downloading AIS_2019_07_27.zip …

Extracting AIS_2019_07_27.zip …
  → extracted and removed zip
Preprocessing AIS_2019_07_27.csv …
  → saved to ../AIS_data/2019_07_27.pkl
Downloading AIS_2019_07_28.zip …

Extracting AIS_2019_07_28.zip …
  → extracted and removed zip
Preprocessing AIS_2019_07_28.csv …
  → saved to ../AIS_data/2019_07_28.pkl
Downloading AIS_2019_07_29.zip …

Extracting AIS_2019_07_29.zip …
  → extracted and removed zip
Preprocessing AIS_2019_07_29.csv …
  → saved to ../AIS_data/2019_07_29.pkl
Downloading AIS_2019_07_30.zip …

Extracting AIS_2019_07_30.zip …
  → extracted and removed zip
Preprocessing AIS_2019_07_30.csv …
  → saved to ../AIS_data/2019_07_30.pkl
Downloading AIS_2019_07_31.zip …

Extracting AIS_2019_07_31.zip …
  → extracted and removed zip
Preprocessing AIS_2019_07_31.csv …
  → saved to ../AIS_data/2019_07_31.pkl
Downloading AIS_2019_08_01.zip …

Extracting AIS_2019_08_01.zip …
  → extracted and removed zip
Preprocessing AIS_2019_08_01.csv …
  → saved to ../AIS_data/2019_08_01.pkl
Downloading AIS_2019_08_02.zip …

Extracting AIS_2019_08_02.zip …
  → extracted and removed zip
Preprocessing AIS_2019_08_02.csv …
  → saved to ../AIS_data/2019_08_02.pkl
Downloading AIS_2019_08_03.zip …

Extracting AIS_2019_08_03.zip …
  → extracted and removed zip
Preprocessing AIS_2019_08_03.csv …
  → saved to ../AIS_data/2019_08_03.pkl
Downloading AIS_2019_08_04.zip …

Extracting AIS_2019_08_04.zip …
  → extracted and removed zip
Preprocessing AIS_2019_08_04.csv …
  → saved to ../AIS_data/2019_08_04.pkl
Downloading AIS_2019_08_05.zip …

Extracting AIS_2019_08_05.zip …
  → extracted and removed zip
Preprocessing AIS_2019_08_05.csv …
  → saved to ../AIS_data/2019_08_05.pkl
Downloading AIS_2019_08_06.zip …

Extracting AIS_2019_08_06.zip …
  → extracted and removed zip
Preprocessing AIS_2019_08_06.csv …
  → saved to ../AIS_data/2019_08_06.pkl
Downloading AIS_2019_08_07.zip …

Extracting AIS_2019_08_07.zip …
  → extracted and removed zip
Preprocessing AIS_2019_08_07.csv …
  → saved to ../AIS_data/2019_08_07.pkl
Downloading AIS_2019_08_08.zip …

Extracting AIS_2019_08_08.zip …
  → extracted and removed zip
Preprocessing AIS_2019_08_08.csv …
  → saved to ../AIS_data/2019_08_08.pkl
Downloading AIS_2019_08_09.zip …

Extracting AIS_2019_08_09.zip …
  → extracted and removed zip
Preprocessing AIS_2019_08_09.csv …
  → saved to ../AIS_data/2019_08_09.pkl
Downloading AIS_2019_08_10.zip …

Extracting AIS_2019_08_10.zip …
  → extracted and removed zip
Preprocessing AIS_2019_08_10.csv …
  → saved to ../AIS_data/2019_08_10.pkl
Downloading AIS_2019_08_11.zip …

Extracting AIS_2019_08_11.zip …
  → extracted and removed zip
Preprocessing AIS_2019_08_11.csv …
  → saved to ../AIS_data/2019_08_11.pkl
Downloading AIS_2019_08_12.zip …

Extracting AIS_2019_08_12.zip …
  → extracted and removed zip
Preprocessing AIS_2019_08_12.csv …
  → saved to ../AIS_data/2019_08_12.pkl
Downloading AIS_2019_08_13.zip …

Extracting AIS_2019_08_13.zip …
  → extracted and removed zip
Preprocessing AIS_2019_08_13.csv …
  → saved to ../AIS_data/2019_08_13.pkl
Downloading AIS_2019_08_14.zip …

Extracting AIS_2019_08_14.zip …
  → extracted and removed zip
Preprocessing AIS_2019_08_14.csv …
  → saved to ../AIS_data/2019_08_14.pkl
Downloading AIS_2019_08_15.zip …

Extracting AIS_2019_08_15.zip …
  → extracted and removed zip
Preprocessing AIS_2019_08_15.csv …
  → saved to ../AIS_data/2019_08_15.pkl
Downloading AIS_2019_08_16.zip …

Extracting AIS_2019_08_16.zip …
  → extracted and removed zip
Preprocessing AIS_2019_08_16.csv …
  → saved to ../AIS_data/2019_08_16.pkl
Downloading AIS_2019_08_17.zip …

Extracting AIS_2019_08_17.zip …
  → extracted and removed zip
Preprocessing AIS_2019_08_17.csv …
  → saved to ../AIS_data/2019_08_17.pkl
Downloading AIS_2019_08_18.zip …

Extracting AIS_2019_08_18.zip …
  → extracted and removed zip
Preprocessing AIS_2019_08_18.csv …
  → saved to ../AIS_data/2019_08_18.pkl
Downloading AIS_2019_08_19.zip …

Extracting AIS_2019_08_19.zip …
  → extracted and removed zip
Preprocessing AIS_2019_08_19.csv …
  → saved to ../AIS_data/2019_08_19.pkl
Downloading AIS_2019_08_20.zip …

Extracting AIS_2019_08_20.zip …
  → extracted and removed zip
Preprocessing AIS_2019_08_20.csv …
  → saved to ../AIS_data/2019_08_20.pkl
Downloading AIS_2019_08_21.zip …

Extracting AIS_2019_08_21.zip …
  → extracted and removed zip
Preprocessing AIS_2019_08_21.csv …
  → saved to ../AIS_data/2019_08_21.pkl
Downloading AIS_2019_08_22.zip …

Extracting AIS_2019_08_22.zip …
  → extracted and removed zip
Preprocessing AIS_2019_08_22.csv …
  → saved to ../AIS_data/2019_08_22.pkl
Downloading AIS_2019_08_23.zip …

Extracting AIS_2019_08_23.zip …
  → extracted and removed zip
Preprocessing AIS_2019_08_23.csv …
  → saved to ../AIS_data/2019_08_23.pkl
Downloading AIS_2019_08_24.zip …

Extracting AIS_2019_08_24.zip …
  → extracted and removed zip
Preprocessing AIS_2019_08_24.csv …
  → saved to ../AIS_data/2019_08_24.pkl
Downloading AIS_2019_08_25.zip …

Extracting AIS_2019_08_25.zip …
  → extracted and removed zip
Preprocessing AIS_2019_08_25.csv …
  → saved to ../AIS_data/2019_08_25.pkl
Downloading AIS_2019_08_26.zip …

Extracting AIS_2019_08_26.zip …
  → extracted and removed zip
Preprocessing AIS_2019_08_26.csv …
  → saved to ../AIS_data/2019_08_26.pkl
Downloading AIS_2019_08_27.zip …

Extracting AIS_2019_08_27.zip …
  → extracted and removed zip
Preprocessing AIS_2019_08_27.csv …
  → saved to ../AIS_data/2019_08_27.pkl
Downloading AIS_2019_08_28.zip …

Extracting AIS_2019_08_28.zip …
  → extracted and removed zip
Preprocessing AIS_2019_08_28.csv …
  → saved to ../AIS_data/2019_08_28.pkl
Downloading AIS_2019_08_29.zip …

Extracting AIS_2019_08_29.zip …
  → extracted and removed zip
Preprocessing AIS_2019_08_29.csv …
  → saved to ../AIS_data/2019_08_29.pkl
Downloading AIS_2019_08_30.zip …

Extracting AIS_2019_08_30.zip …
  → extracted and removed zip
Preprocessing AIS_2019_08_30.csv …
  → saved to ../AIS_data/2019_08_30.pkl
Downloading AIS_2019_08_31.zip …

Extracting AIS_2019_08_31.zip …
  → extracted and removed zip
Preprocessing AIS_2019_08_31.csv …
  → saved to ../AIS_data/2019_08_31.pkl
Downloading AIS_2019_09_01.zip …

Extracting AIS_2019_09_01.zip …
  → extracted and removed zip
Preprocessing AIS_2019_09_01.csv …
  → saved to ../AIS_data/2019_09_01.pkl
Downloading AIS_2019_09_02.zip …

Extracting AIS_2019_09_02.zip …
  → extracted and removed zip
Preprocessing AIS_2019_09_02.csv …
  → saved to ../AIS_data/2019_09_02.pkl
Downloading AIS_2019_09_03.zip …

Extracting AIS_2019_09_03.zip …
  → extracted and removed zip
Preprocessing AIS_2019_09_03.csv …
  → saved to ../AIS_data/2019_09_03.pkl
Downloading AIS_2019_09_04.zip …

Extracting AIS_2019_09_04.zip …
  → extracted and removed zip
Preprocessing AIS_2019_09_04.csv …
  → saved to ../AIS_data/2019_09_04.pkl
Downloading AIS_2019_09_05.zip …

Extracting AIS_2019_09_05.zip …
  → extracted and removed zip
Preprocessing AIS_2019_09_05.csv …
  → saved to ../AIS_data/2019_09_05.pkl
Downloading AIS_2019_09_06.zip …

Extracting AIS_2019_09_06.zip …
  → extracted and removed zip
Preprocessing AIS_2019_09_06.csv …
  → saved to ../AIS_data/2019_09_06.pkl
Downloading AIS_2019_09_07.zip …

Extracting AIS_2019_09_07.zip …
  → extracted and removed zip
Preprocessing AIS_2019_09_07.csv …
  → saved to ../AIS_data/2019_09_07.pkl
Downloading AIS_2019_09_08.zip …

Extracting AIS_2019_09_08.zip …
  → extracted and removed zip
Preprocessing AIS_2019_09_08.csv …
  → saved to ../AIS_data/2019_09_08.pkl
Downloading AIS_2019_09_09.zip …

Extracting AIS_2019_09_09.zip …
  → extracted and removed zip
Preprocessing AIS_2019_09_09.csv …
  → saved to ../AIS_data/2019_09_09.pkl
Downloading AIS_2019_09_10.zip …

Extracting AIS_2019_09_10.zip …
  → extracted and removed zip
Preprocessing AIS_2019_09_10.csv …
  → saved to ../AIS_data/2019_09_10.pkl
Downloading AIS_2019_09_11.zip …

Extracting AIS_2019_09_11.zip …
  → extracted and removed zip
Preprocessing AIS_2019_09_11.csv …
  → saved to ../AIS_data/2019_09_11.pkl
Downloading AIS_2019_09_12.zip …

Extracting AIS_2019_09_12.zip …
  → extracted and removed zip
Preprocessing AIS_2019_09_12.csv …
  → saved to ../AIS_data/2019_09_12.pkl
Downloading AIS_2019_09_13.zip …

Extracting AIS_2019_09_13.zip …
  → extracted and removed zip
Preprocessing AIS_2019_09_13.csv …
  → saved to ../AIS_data/2019_09_13.pkl
Downloading AIS_2019_09_14.zip …

Extracting AIS_2019_09_14.zip …
  → extracted and removed zip
Preprocessing AIS_2019_09_14.csv …
  → saved to ../AIS_data/2019_09_14.pkl
Downloading AIS_2019_09_15.zip …

Extracting AIS_2019_09_15.zip …
  → extracted and removed zip
Preprocessing AIS_2019_09_15.csv …
  → saved to ../AIS_data/2019_09_15.pkl
Downloading AIS_2019_09_16.zip …

Extracting AIS_2019_09_16.zip …
  → extracted and removed zip
Preprocessing AIS_2019_09_16.csv …
  → saved to ../AIS_data/2019_09_16.pkl
Downloading AIS_2019_09_17.zip …

Extracting AIS_2019_09_17.zip …
  → extracted and removed zip
Preprocessing AIS_2019_09_17.csv …
  → saved to ../AIS_data/2019_09_17.pkl
Downloading AIS_2019_09_18.zip …

Extracting AIS_2019_09_18.zip …
  → extracted and removed zip
Preprocessing AIS_2019_09_18.csv …
  → saved to ../AIS_data/2019_09_18.pkl
Downloading AIS_2019_09_19.zip …

Extracting AIS_2019_09_19.zip …
  → extracted and removed zip
Preprocessing AIS_2019_09_19.csv …
  → saved to ../AIS_data/2019_09_19.pkl
Downloading AIS_2019_09_20.zip …

Extracting AIS_2019_09_20.zip …
  → extracted and removed zip
Preprocessing AIS_2019_09_20.csv …
  → saved to ../AIS_data/2019_09_20.pkl
Downloading AIS_2019_09_21.zip …

Extracting AIS_2019_09_21.zip …
  → extracted and removed zip
Preprocessing AIS_2019_09_21.csv …
  → saved to ../AIS_data/2019_09_21.pkl
Downloading AIS_2019_09_22.zip …

Extracting AIS_2019_09_22.zip …
  → extracted and removed zip
Preprocessing AIS_2019_09_22.csv …
  → saved to ../AIS_data/2019_09_22.pkl
Downloading AIS_2019_09_23.zip …

Extracting AIS_2019_09_23.zip …
  → extracted and removed zip
Preprocessing AIS_2019_09_23.csv …
  → saved to ../AIS_data/2019_09_23.pkl
Downloading AIS_2019_09_24.zip …

Extracting AIS_2019_09_24.zip …
  → extracted and removed zip
Preprocessing AIS_2019_09_24.csv …
  → saved to ../AIS_data/2019_09_24.pkl
Downloading AIS_2019_09_25.zip …

Extracting AIS_2019_09_25.zip …
  → extracted and removed zip
Preprocessing AIS_2019_09_25.csv …
  → saved to ../AIS_data/2019_09_25.pkl
Downloading AIS_2019_09_26.zip …

Extracting AIS_2019_09_26.zip …
  → extracted and removed zip
Preprocessing AIS_2019_09_26.csv …
  → saved to ../AIS_data/2019_09_26.pkl
Downloading AIS_2019_09_27.zip …

Extracting AIS_2019_09_27.zip …
  → extracted and removed zip
Preprocessing AIS_2019_09_27.csv …
  → saved to ../AIS_data/2019_09_27.pkl
Downloading AIS_2019_09_28.zip …

Extracting AIS_2019_09_28.zip …
  → extracted and removed zip
Preprocessing AIS_2019_09_28.csv …
  → saved to ../AIS_data/2019_09_28.pkl
Downloading AIS_2019_09_29.zip …

Extracting AIS_2019_09_29.zip …
  → extracted and removed zip
Preprocessing AIS_2019_09_29.csv …
  → saved to ../AIS_data/2019_09_29.pkl
Downloading AIS_2019_09_30.zip …

Extracting AIS_2019_09_30.zip …
  → extracted and removed zip
Preprocessing AIS_2019_09_30.csv …
  → saved to ../AIS_data/2019_09_30.pkl
Downloading AIS_2019_10_01.zip …

Extracting AIS_2019_10_01.zip …
  → extracted and removed zip
Preprocessing AIS_2019_10_01.csv …
  → saved to ../AIS_data/2019_10_01.pkl
Downloading AIS_2019_10_02.zip …

Extracting AIS_2019_10_02.zip …
  → extracted and removed zip
Preprocessing AIS_2019_10_02.csv …
  → saved to ../AIS_data/2019_10_02.pkl
Downloading AIS_2019_10_03.zip …

Extracting AIS_2019_10_03.zip …
  → extracted and removed zip
Preprocessing AIS_2019_10_03.csv …
  → saved to ../AIS_data/2019_10_03.pkl
Downloading AIS_2019_10_04.zip …

Extracting AIS_2019_10_04.zip …
  → extracted and removed zip
Preprocessing AIS_2019_10_04.csv …
  → saved to ../AIS_data/2019_10_04.pkl
Downloading AIS_2019_10_05.zip …

Extracting AIS_2019_10_05.zip …
  → extracted and removed zip
Preprocessing AIS_2019_10_05.csv …
  → saved to ../AIS_data/2019_10_05.pkl
Downloading AIS_2019_10_06.zip …

Extracting AIS_2019_10_06.zip …
  → extracted and removed zip
Preprocessing AIS_2019_10_06.csv …
  → saved to ../AIS_data/2019_10_06.pkl
Downloading AIS_2019_10_07.zip …

Extracting AIS_2019_10_07.zip …
  → extracted and removed zip
Preprocessing AIS_2019_10_07.csv …
  → saved to ../AIS_data/2019_10_07.pkl
Downloading AIS_2019_10_08.zip …

Extracting AIS_2019_10_08.zip …
  → extracted and removed zip
Preprocessing AIS_2019_10_08.csv …
  → saved to ../AIS_data/2019_10_08.pkl
Downloading AIS_2019_10_09.zip …

Extracting AIS_2019_10_09.zip …
  → extracted and removed zip
Preprocessing AIS_2019_10_09.csv …
  → saved to ../AIS_data/2019_10_09.pkl
Downloading AIS_2019_10_10.zip …

Extracting AIS_2019_10_10.zip …
  → extracted and removed zip
Preprocessing AIS_2019_10_10.csv …
  → saved to ../AIS_data/2019_10_10.pkl
Downloading AIS_2019_10_11.zip …

Extracting AIS_2019_10_11.zip …
  → extracted and removed zip
Preprocessing AIS_2019_10_11.csv …
  → saved to ../AIS_data/2019_10_11.pkl
Downloading AIS_2019_10_12.zip …

Extracting AIS_2019_10_12.zip …
  → extracted and removed zip
Preprocessing AIS_2019_10_12.csv …
  → saved to ../AIS_data/2019_10_12.pkl
Downloading AIS_2019_10_13.zip …

Extracting AIS_2019_10_13.zip …
  → extracted and removed zip
Preprocessing AIS_2019_10_13.csv …
  → saved to ../AIS_data/2019_10_13.pkl
Downloading AIS_2019_10_14.zip …

Extracting AIS_2019_10_14.zip …
  → extracted and removed zip
Preprocessing AIS_2019_10_14.csv …
  → saved to ../AIS_data/2019_10_14.pkl
Downloading AIS_2019_10_15.zip …

Extracting AIS_2019_10_15.zip …
  → extracted and removed zip
Preprocessing AIS_2019_10_15.csv …
  → saved to ../AIS_data/2019_10_15.pkl
Downloading AIS_2019_10_16.zip …

Extracting AIS_2019_10_16.zip …
  → extracted and removed zip
Preprocessing AIS_2019_10_16.csv …
  → saved to ../AIS_data/2019_10_16.pkl
Downloading AIS_2019_10_17.zip …

Extracting AIS_2019_10_17.zip …
  → extracted and removed zip
Preprocessing AIS_2019_10_17.csv …
  → saved to ../AIS_data/2019_10_17.pkl
Downloading AIS_2019_10_18.zip …

Extracting AIS_2019_10_18.zip …
  → extracted and removed zip
Preprocessing AIS_2019_10_18.csv …
  → saved to ../AIS_data/2019_10_18.pkl
Downloading AIS_2019_10_19.zip …

Extracting AIS_2019_10_19.zip …
  → extracted and removed zip
Preprocessing AIS_2019_10_19.csv …
  → saved to ../AIS_data/2019_10_19.pkl
Downloading AIS_2019_10_20.zip …

Extracting AIS_2019_10_20.zip …
  → extracted and removed zip
Preprocessing AIS_2019_10_20.csv …
  → saved to ../AIS_data/2019_10_20.pkl
Downloading AIS_2019_10_21.zip …

Extracting AIS_2019_10_21.zip …
  → extracted and removed zip
Preprocessing AIS_2019_10_21.csv …
  → saved to ../AIS_data/2019_10_21.pkl
Downloading AIS_2019_10_22.zip …

Extracting AIS_2019_10_22.zip …
  → extracted and removed zip
Preprocessing AIS_2019_10_22.csv …
  → saved to ../AIS_data/2019_10_22.pkl
Downloading AIS_2019_10_23.zip …

Extracting AIS_2019_10_23.zip …
  → extracted and removed zip
Preprocessing AIS_2019_10_23.csv …
  → saved to ../AIS_data/2019_10_23.pkl
Downloading AIS_2019_10_24.zip …

Extracting AIS_2019_10_24.zip …
  → extracted and removed zip
Preprocessing AIS_2019_10_24.csv …
  → saved to ../AIS_data/2019_10_24.pkl
Downloading AIS_2019_10_25.zip …

Extracting AIS_2019_10_25.zip …
  → extracted and removed zip
Preprocessing AIS_2019_10_25.csv …
  → saved to ../AIS_data/2019_10_25.pkl
Downloading AIS_2019_10_26.zip …

Extracting AIS_2019_10_26.zip …
  → extracted and removed zip
Preprocessing AIS_2019_10_26.csv …
  → saved to ../AIS_data/2019_10_26.pkl
Downloading AIS_2019_10_27.zip …

Extracting AIS_2019_10_27.zip …
  → extracted and removed zip
Preprocessing AIS_2019_10_27.csv …
  → saved to ../AIS_data/2019_10_27.pkl
Downloading AIS_2019_10_28.zip …

Extracting AIS_2019_10_28.zip …
  → extracted and removed zip
Preprocessing AIS_2019_10_28.csv …
  → saved to ../AIS_data/2019_10_28.pkl
Downloading AIS_2019_10_29.zip …

Extracting AIS_2019_10_29.zip …
  → extracted and removed zip
Preprocessing AIS_2019_10_29.csv …
  → saved to ../AIS_data/2019_10_29.pkl
Downloading AIS_2019_10_30.zip …

Extracting AIS_2019_10_30.zip …
  → extracted and removed zip
Preprocessing AIS_2019_10_30.csv …
  → saved to ../AIS_data/2019_10_30.pkl
Downloading AIS_2019_10_31.zip …

Extracting AIS_2019_10_31.zip …
  → extracted and removed zip
Preprocessing AIS_2019_10_31.csv …
  → saved to ../AIS_data/2019_10_31.pkl
Downloading AIS_2019_11_01.zip …

Extracting AIS_2019_11_01.zip …
  → extracted and removed zip
Preprocessing AIS_2019_11_01.csv …
  → saved to ../AIS_data/2019_11_01.pkl
Downloading AIS_2019_11_02.zip …

Extracting AIS_2019_11_02.zip …
  → extracted and removed zip
Preprocessing AIS_2019_11_02.csv …
  → saved to ../AIS_data/2019_11_02.pkl
Downloading AIS_2019_11_03.zip …

Extracting AIS_2019_11_03.zip …
  → extracted and removed zip
Preprocessing AIS_2019_11_03.csv …
  → saved to ../AIS_data/2019_11_03.pkl
Downloading AIS_2019_11_04.zip …

Extracting AIS_2019_11_04.zip …
  → extracted and removed zip
Preprocessing AIS_2019_11_04.csv …
  → saved to ../AIS_data/2019_11_04.pkl
Downloading AIS_2019_11_05.zip …

Extracting AIS_2019_11_05.zip …
  → extracted and removed zip
Preprocessing AIS_2019_11_05.csv …
  → saved to ../AIS_data/2019_11_05.pkl
Downloading AIS_2019_11_06.zip …

Extracting AIS_2019_11_06.zip …
  → extracted and removed zip
Preprocessing AIS_2019_11_06.csv …
  → saved to ../AIS_data/2019_11_06.pkl
Downloading AIS_2019_11_07.zip …

Extracting AIS_2019_11_07.zip …
  → extracted and removed zip
Preprocessing AIS_2019_11_07.csv …
  → saved to ../AIS_data/2019_11_07.pkl
Downloading AIS_2019_11_08.zip …

Extracting AIS_2019_11_08.zip …
  → extracted and removed zip
Preprocessing AIS_2019_11_08.csv …
  → saved to ../AIS_data/2019_11_08.pkl
Downloading AIS_2019_11_09.zip …

Extracting AIS_2019_11_09.zip …
  → extracted and removed zip
Preprocessing AIS_2019_11_09.csv …
  → saved to ../AIS_data/2019_11_09.pkl
Downloading AIS_2019_11_10.zip …

Extracting AIS_2019_11_10.zip …
  → extracted and removed zip
Preprocessing AIS_2019_11_10.csv …
  → saved to ../AIS_data/2019_11_10.pkl
Downloading AIS_2019_11_11.zip …

Extracting AIS_2019_11_11.zip …
  → extracted and removed zip
Preprocessing AIS_2019_11_11.csv …
  → saved to ../AIS_data/2019_11_11.pkl
Downloading AIS_2019_11_12.zip …

Extracting AIS_2019_11_12.zip …
  → extracted and removed zip
Preprocessing AIS_2019_11_12.csv …
  → saved to ../AIS_data/2019_11_12.pkl
Downloading AIS_2019_11_13.zip …

Extracting AIS_2019_11_13.zip …
  → extracted and removed zip
Preprocessing AIS_2019_11_13.csv …
  → saved to ../AIS_data/2019_11_13.pkl
Downloading AIS_2019_11_14.zip …

Extracting AIS_2019_11_14.zip …
  → extracted and removed zip
Preprocessing AIS_2019_11_14.csv …
  → saved to ../AIS_data/2019_11_14.pkl
Downloading AIS_2019_11_15.zip …

Extracting AIS_2019_11_15.zip …
  → extracted and removed zip
Preprocessing AIS_2019_11_15.csv …
  → saved to ../AIS_data/2019_11_15.pkl
Downloading AIS_2019_11_16.zip …

Extracting AIS_2019_11_16.zip …
  → extracted and removed zip
Preprocessing AIS_2019_11_16.csv …
  → saved to ../AIS_data/2019_11_16.pkl
Downloading AIS_2019_11_17.zip …

Extracting AIS_2019_11_17.zip …
  → extracted and removed zip
Preprocessing AIS_2019_11_17.csv …
  → saved to ../AIS_data/2019_11_17.pkl
Downloading AIS_2019_11_18.zip …

Extracting AIS_2019_11_18.zip …
  → extracted and removed zip
Preprocessing AIS_2019_11_18.csv …
  → saved to ../AIS_data/2019_11_18.pkl
Downloading AIS_2019_11_19.zip …

Extracting AIS_2019_11_19.zip …
  → extracted and removed zip
Preprocessing AIS_2019_11_19.csv …
  → saved to ../AIS_data/2019_11_19.pkl
Downloading AIS_2019_11_20.zip …

Extracting AIS_2019_11_20.zip …
  → extracted and removed zip
Preprocessing AIS_2019_11_20.csv …
  → saved to ../AIS_data/2019_11_20.pkl
Downloading AIS_2019_11_21.zip …

Extracting AIS_2019_11_21.zip …
  → extracted and removed zip
Preprocessing AIS_2019_11_21.csv …
  → saved to ../AIS_data/2019_11_21.pkl
Downloading AIS_2019_11_22.zip …

Extracting AIS_2019_11_22.zip …
  → extracted and removed zip
Preprocessing AIS_2019_11_22.csv …
  → saved to ../AIS_data/2019_11_22.pkl
Downloading AIS_2019_11_23.zip …

Extracting AIS_2019_11_23.zip …
  → extracted and removed zip
Preprocessing AIS_2019_11_23.csv …
  → saved to ../AIS_data/2019_11_23.pkl
Downloading AIS_2019_11_24.zip …

Extracting AIS_2019_11_24.zip …
  → extracted and removed zip
Preprocessing AIS_2019_11_24.csv …
  → saved to ../AIS_data/2019_11_24.pkl
Downloading AIS_2019_11_25.zip …

Extracting AIS_2019_11_25.zip …
  → extracted and removed zip
Preprocessing AIS_2019_11_25.csv …
  → saved to ../AIS_data/2019_11_25.pkl
Downloading AIS_2019_11_26.zip …

Extracting AIS_2019_11_26.zip …
  → extracted and removed zip
Preprocessing AIS_2019_11_26.csv …
  → saved to ../AIS_data/2019_11_26.pkl
Downloading AIS_2019_11_27.zip …

Extracting AIS_2019_11_27.zip …
  → extracted and removed zip
Preprocessing AIS_2019_11_27.csv …
  → saved to ../AIS_data/2019_11_27.pkl
Downloading AIS_2019_11_28.zip …

Extracting AIS_2019_11_28.zip …
  → extracted and removed zip
Preprocessing AIS_2019_11_28.csv …
  → saved to ../AIS_data/2019_11_28.pkl
Downloading AIS_2019_11_29.zip …

Extracting AIS_2019_11_29.zip …
  → extracted and removed zip
Preprocessing AIS_2019_11_29.csv …
  → saved to ../AIS_data/2019_11_29.pkl
Downloading AIS_2019_11_30.zip …

Extracting AIS_2019_11_30.zip …
  → extracted and removed zip
Preprocessing AIS_2019_11_30.csv …
  → saved to ../AIS_data/2019_11_30.pkl
Downloading AIS_2019_12_01.zip …

Extracting AIS_2019_12_01.zip …
  → extracted and removed zip
Preprocessing AIS_2019_12_01.csv …
  → saved to ../AIS_data/2019_12_01.pkl
Downloading AIS_2019_12_02.zip …

Extracting AIS_2019_12_02.zip …
  → extracted and removed zip
Preprocessing AIS_2019_12_02.csv …
  → saved to ../AIS_data/2019_12_02.pkl
Downloading AIS_2019_12_03.zip …

Extracting AIS_2019_12_03.zip …
  → extracted and removed zip
Preprocessing AIS_2019_12_03.csv …
  → saved to ../AIS_data/2019_12_03.pkl
Downloading AIS_2019_12_04.zip …

Extracting AIS_2019_12_04.zip …
  → extracted and removed zip
Preprocessing AIS_2019_12_04.csv …
  → saved to ../AIS_data/2019_12_04.pkl
Downloading AIS_2019_12_05.zip …

Extracting AIS_2019_12_05.zip …
  → extracted and removed zip
Preprocessing AIS_2019_12_05.csv …
  → saved to ../AIS_data/2019_12_05.pkl
Downloading AIS_2019_12_06.zip …

Extracting AIS_2019_12_06.zip …
  → extracted and removed zip
Preprocessing AIS_2019_12_06.csv …
  → saved to ../AIS_data/2019_12_06.pkl
Downloading AIS_2019_12_07.zip …

Extracting AIS_2019_12_07.zip …
  → extracted and removed zip
Preprocessing AIS_2019_12_07.csv …
  → saved to ../AIS_data/2019_12_07.pkl
Downloading AIS_2019_12_08.zip …

Extracting AIS_2019_12_08.zip …
  → extracted and removed zip
Preprocessing AIS_2019_12_08.csv …
  → saved to ../AIS_data/2019_12_08.pkl
Downloading AIS_2019_12_09.zip …

Extracting AIS_2019_12_09.zip …
  → extracted and removed zip
Preprocessing AIS_2019_12_09.csv …
  → saved to ../AIS_data/2019_12_09.pkl
Downloading AIS_2019_12_10.zip …

Extracting AIS_2019_12_10.zip …
  → extracted and removed zip
Preprocessing AIS_2019_12_10.csv …
  → saved to ../AIS_data/2019_12_10.pkl
Downloading AIS_2019_12_11.zip …

Extracting AIS_2019_12_11.zip …
  → extracted and removed zip
Preprocessing AIS_2019_12_11.csv …
  → saved to ../AIS_data/2019_12_11.pkl
Downloading AIS_2019_12_12.zip …

Extracting AIS_2019_12_12.zip …
  → extracted and removed zip
Preprocessing AIS_2019_12_12.csv …
  → saved to ../AIS_data/2019_12_12.pkl
Downloading AIS_2019_12_13.zip …

Extracting AIS_2019_12_13.zip …
  → extracted and removed zip
Preprocessing AIS_2019_12_13.csv …
  → saved to ../AIS_data/2019_12_13.pkl
Downloading AIS_2019_12_14.zip …

Extracting AIS_2019_12_14.zip …
  → extracted and removed zip
Preprocessing AIS_2019_12_14.csv …
  → saved to ../AIS_data/2019_12_14.pkl
Downloading AIS_2019_12_15.zip …

Extracting AIS_2019_12_15.zip …
  → extracted and removed zip
Preprocessing AIS_2019_12_15.csv …
  → saved to ../AIS_data/2019_12_15.pkl
Downloading AIS_2019_12_16.zip …

Extracting AIS_2019_12_16.zip …
  → extracted and removed zip
Preprocessing AIS_2019_12_16.csv …
  → saved to ../AIS_data/2019_12_16.pkl
Downloading AIS_2019_12_17.zip …

Extracting AIS_2019_12_17.zip …
  → extracted and removed zip
Preprocessing AIS_2019_12_17.csv …
  → saved to ../AIS_data/2019_12_17.pkl
Downloading AIS_2019_12_18.zip …

Extracting AIS_2019_12_18.zip …
  → extracted and removed zip
Preprocessing AIS_2019_12_18.csv …
  → saved to ../AIS_data/2019_12_18.pkl
Downloading AIS_2019_12_19.zip …

Extracting AIS_2019_12_19.zip …
  → extracted and removed zip
Preprocessing AIS_2019_12_19.csv …
  → saved to ../AIS_data/2019_12_19.pkl
Downloading AIS_2019_12_20.zip …

Extracting AIS_2019_12_20.zip …
  → extracted and removed zip
Preprocessing AIS_2019_12_20.csv …
  → saved to ../AIS_data/2019_12_20.pkl
Downloading AIS_2019_12_21.zip …

Extracting AIS_2019_12_21.zip …
  → extracted and removed zip
Preprocessing AIS_2019_12_21.csv …
  → saved to ../AIS_data/2019_12_21.pkl
Downloading AIS_2019_12_22.zip …

Extracting AIS_2019_12_22.zip …
  → extracted and removed zip
Preprocessing AIS_2019_12_22.csv …
  → saved to ../AIS_data/2019_12_22.pkl
Downloading AIS_2019_12_23.zip …

Extracting AIS_2019_12_23.zip …
  → extracted and removed zip
Preprocessing AIS_2019_12_23.csv …
  → saved to ../AIS_data/2019_12_23.pkl
Downloading AIS_2019_12_24.zip …

Extracting AIS_2019_12_24.zip …
  → extracted and removed zip
Preprocessing AIS_2019_12_24.csv …
  → saved to ../AIS_data/2019_12_24.pkl
Downloading AIS_2019_12_25.zip …

Extracting AIS_2019_12_25.zip …
  → extracted and removed zip
Preprocessing AIS_2019_12_25.csv …
  → saved to ../AIS_data/2019_12_25.pkl
Downloading AIS_2019_12_26.zip …

Extracting AIS_2019_12_26.zip …
  → extracted and removed zip
Preprocessing AIS_2019_12_26.csv …
  → saved to ../AIS_data/2019_12_26.pkl
Downloading AIS_2019_12_27.zip …

Extracting AIS_2019_12_27.zip …
  → extracted and removed zip
Preprocessing AIS_2019_12_27.csv …
  → saved to ../AIS_data/2019_12_27.pkl
Downloading AIS_2019_12_28.zip …

Extracting AIS_2019_12_28.zip …
  → extracted and removed zip
Preprocessing AIS_2019_12_28.csv …
  → saved to ../AIS_data/2019_12_28.pkl
Downloading AIS_2019_12_29.zip …

Extracting AIS_2019_12_29.zip …
  → extracted and removed zip
Preprocessing AIS_2019_12_29.csv …
  → saved to ../AIS_data/2019_12_29.pkl
Downloading AIS_2019_12_30.zip …

Extracting AIS_2019_12_30.zip …
  → extracted and removed zip
Preprocessing AIS_2019_12_30.csv …
  → saved to ../AIS_data/2019_12_30.pkl
Downloading AIS_2019_12_31.zip …

Extracting AIS_2019_12_31.zip …
  → extracted and removed zip
Preprocessing AIS_2019_12_31.csv …
  → saved to ../AIS_data/2019_12_31.pkl
Preprocessing took 14800.96 seconds
